This is pdfTeX, Version 3.14159265-2.6-1.40.18 (TeX Live 2017/Debian) (preloaded format=pdflatex 2017.11.4)  29 JAN 2018 17:34
entering extended mode
 restricted \write18 enabled.
 %&-line parsing enabled.
**dissertação.tex
(./dissertação.tex
LaTeX2e <2017-04-15>
Babel <3.12> and hyphenation patterns for 84 language(s) loaded.
(./ita.cls
Document Class: ita 2006/03/10 v2.0 Classe de documento com padr?es do ITA
(/usr/share/texlive/texmf-dist/tex/generic/oberdiek/ifpdf.sty
Package: ifpdf 2017/03/15 v3.2 Provides the ifpdf switch
) (./defaults.def) (./msc.def) (/usr/share/texlive/texmf-dist/tex/latex/base/bo
ok.cls
Document Class: book 2014/09/29 v1.4h Standard LaTeX document class
(/usr/share/texlive/texmf-dist/tex/latex/base/bk12.clo
File: bk12.clo 2014/09/29 v1.4h Standard LaTeX file (size option)
)
\c@part=\count79
\c@chapter=\count80
\c@section=\count81
\c@subsection=\count82
\c@subsubsection=\count83
\c@paragraph=\count84
\c@subparagraph=\count85
\c@figure=\count86
\c@table=\count87
\abovecaptionskip=\skip41
\belowcaptionskip=\skip42
\bibindent=\dimen102
)
(/usr/share/texlive/texmf-dist/tex/latex/tools/calc.sty
Package: calc 2014/10/28 v4.3 Infix arithmetic (KKT,FJ)
\calc@Acount=\count88
\calc@Bcount=\count89
\calc@Adimen=\dimen103
\calc@Bdimen=\dimen104
\calc@Askip=\skip43
\calc@Bskip=\skip44
LaTeX Info: Redefining \setlength on input line 80.
LaTeX Info: Redefining \addtolength on input line 81.
\calc@Ccount=\count90
\calc@Cskip=\skip45
)
(/usr/share/texlive/texmf-dist/tex/latex/base/ifthen.sty
Package: ifthen 2014/09/29 v1.1c Standard LaTeX ifthen package (DPC)
)
(/usr/share/texlive/texmf-dist/tex/generic/babel/babel.sty
Package: babel 2017/06/29 3.12 The Babel package

(/usr/share/texlive/texmf-dist/tex/generic/babel/switch.def
File: switch.def 2017/06/29 3.12 Babel switching mechanism
)
(/usr/share/texlive/texmf-dist/tex/generic/babel-english/english.ldf
Language: english 2017/06/06 v3.3r English support from the babel system

(/usr/share/texlive/texmf-dist/tex/generic/babel/babel.def
File: babel.def 2017/06/29 3.12 Babel common definitions

(/usr/share/texlive/texmf-dist/tex/generic/babel/switch.def
File: switch.def 2017/06/29 3.12 Babel switching mechanism
)
\babel@savecnt=\count91
\U@D=\dimen105
)
\l@canadian = a dialect from \language\l@american 
\l@australian = a dialect from \language\l@british 
\l@newzealand = a dialect from \language\l@british 
)
(/usr/share/texlive/texmf-dist/tex/generic/babel-portuges/portuges.ldf
Language: portuges 2008/03/18 v1.2q Portuguese support from the babel system
Package babel Info: Making " an active character on input line 145.
)
(/usr/share/texlive/texmf-dist/tex/generic/babel-portuges/portuges.ldf
Language: portuges 2008/03/18 v1.2q Portuguese support from the babel system
\l@brazil = a dialect from \language\l@portuges 
))
(./itabr.babel) (/usr/share/texlive/texmf-dist/tex/latex/base/inputenc.sty
Package: inputenc 2015/03/17 v1.2c Input encoding file
\inpenc@prehook=\toks14
\inpenc@posthook=\toks15

(/usr/share/texlive/texmf-dist/tex/latex/base/latin1.def
File: latin1.def 2015/03/17 v1.2c Input encoding file
))
(/usr/share/texlive/texmf-dist/tex/latex/setspace/setspace.sty
Package: setspace 2011/12/19 v6.7a set line spacing
)
(/usr/share/texlive/texmf-dist/tex/latex/fancyhdr/fancyhdr.sty
Package: fancyhdr 2017/06/30 v3.9a Extensive control of page headers and footer
s
\f@nch@headwidth=\skip46
\f@nch@O@elh=\skip47
\f@nch@O@erh=\skip48
\f@nch@O@olh=\skip49
\f@nch@O@orh=\skip50
\f@nch@O@elf=\skip51
\f@nch@O@erf=\skip52
\f@nch@O@olf=\skip53
\f@nch@O@orf=\skip54
)
(/usr/share/texlive/texmf-dist/tex/latex/amsfonts/amsfonts.sty
Package: amsfonts 2013/01/14 v3.01 Basic AMSFonts support
\@emptytoks=\toks16
\symAMSa=\mathgroup4
\symAMSb=\mathgroup5
LaTeX Font Info:    Overwriting math alphabet `\mathfrak' in version `bold'
(Font)                  U/euf/m/n --> U/euf/b/n on input line 106.
)
(/usr/share/texlive/texmf-dist/tex/latex/lastpage/lastpage.sty
Package: lastpage 2015/03/29 v1.2m Refers to last page's name (HMM; JPG)
)
(/usr/share/texlive/texmf-dist/tex/latex/tools/indentfirst.sty
Package: indentfirst 1995/11/23 v1.03 Indent first paragraph (DPC)
)
(/usr/share/texlive/texmf-dist/tex/latex/caption/caption.sty
Package: caption 2016/02/21 v3.3-144 Customizing captions (AR)

(/usr/share/texlive/texmf-dist/tex/latex/caption/caption3.sty
Package: caption3 2016/05/22 v1.7-166 caption3 kernel (AR)
Package caption3 Info: TeX engine: e-TeX on input line 67.

(/usr/share/texlive/texmf-dist/tex/latex/graphics/keyval.sty
Package: keyval 2014/10/28 v1.15 key=value parser (DPC)
\KV@toks@=\toks17
)
\captionmargin=\dimen106
\captionmargin@=\dimen107
\captionwidth=\dimen108
\caption@tempdima=\dimen109
\caption@indent=\dimen110
\caption@parindent=\dimen111
\caption@hangindent=\dimen112
)
\c@ContinuedFloat=\count92
)
(/usr/share/texlive/texmf-dist/tex/latex/tools/longtable.sty
Package: longtable 2014/10/28 v4.11 Multi-page Table package (DPC)
\LTleft=\skip55
\LTright=\skip56
\LTpre=\skip57
\LTpost=\skip58
\LTchunksize=\count93
\LTcapwidth=\dimen113
\LT@head=\box26
\LT@firsthead=\box27
\LT@foot=\box28
\LT@lastfoot=\box29
\LT@cols=\count94
\LT@rows=\count95
\c@LT@tables=\count96
\c@LT@chunks=\count97
\LT@p@ftn=\toks18
)
(/usr/share/texlive/texmf-dist/tex/latex/tools/array.sty
Package: array 2016/10/06 v2.4d Tabular extension package (FMi)
\col@sep=\dimen114
\extrarowheight=\dimen115
\NC@list=\toks19
\extratabsurround=\skip59
\backup@length=\skip60
)
(/usr/share/texlive/texmf-dist/tex/latex/tools/tabularx.sty
Package: tabularx 2016/02/03 v2.11 `tabularx' package (DPC)
\TX@col@width=\dimen116
\TX@old@table=\dimen117
\TX@old@col=\dimen118
\TX@target=\dimen119
\TX@delta=\dimen120
\TX@cols=\count98
\TX@ftn=\toks20
) (./makeglo.sty
Package: makeglo 
\glossentrylen=\skip61
)
(/usr/share/texlive/texmf-dist/tex/latex/graphics/color.sty
Package: color 2016/07/10 v1.1e Standard LaTeX Color (DPC)

(/usr/share/texlive/texmf-dist/tex/latex/graphics-cfg/color.cfg
File: color.cfg 2016/01/02 v1.6 sample color configuration
)
Package color Info: Driver file: pdftex.def on input line 147.

(/usr/share/texlive/texmf-dist/tex/latex/graphics-def/pdftex.def
File: pdftex.def 2017/06/24 v1.0g Graphics/color driver for pdftex
))
(/usr/share/texlive/texmf-dist/tex/latex/hyphenat/hyphenat.sty
Package: hyphenat 2009/09/02 v2.3c hyphenation utilities
\langwohyphens=\language84
LaTeX Info: Redefining \_ on input line 43.
)
(/usr/share/texlive/texmf-dist/tex/latex/base/makeidx.sty
Package: makeidx 2014/09/29 v1.0m Standard LaTeX package
)
(/usr/share/texlive/texmf-dist/tex/latex/hyperref/hyperref.sty
Package: hyperref 2017/03/14 v6.85a Hypertext links for LaTeX

(/usr/share/texlive/texmf-dist/tex/generic/oberdiek/hobsub-hyperref.sty
Package: hobsub-hyperref 2016/05/16 v1.14 Bundle oberdiek, subset hyperref (HO)


(/usr/share/texlive/texmf-dist/tex/generic/oberdiek/hobsub-generic.sty
Package: hobsub-generic 2016/05/16 v1.14 Bundle oberdiek, subset generic (HO)
Package: hobsub 2016/05/16 v1.14 Construct package bundles (HO)
Package: infwarerr 2016/05/16 v1.4 Providing info/warning/error messages (HO)
Package: ltxcmds 2016/05/16 v1.23 LaTeX kernel commands for general use (HO)
Package: ifluatex 2016/05/16 v1.4 Provides the ifluatex switch (HO)
Package ifluatex Info: LuaTeX not detected.
Package: ifvtex 2016/05/16 v1.6 Detect VTeX and its facilities (HO)
Package ifvtex Info: VTeX not detected.
Package: intcalc 2016/05/16 v1.2 Expandable calculations with integers (HO)
Package hobsub Info: Skipping package `ifpdf' (already loaded).
Package: etexcmds 2016/05/16 v1.6 Avoid name clashes with e-TeX commands (HO)
Package etexcmds Info: Could not find \expanded.
(etexcmds)             That can mean that you are not using pdfTeX 1.50 or
(etexcmds)             that some package has redefined \expanded.
(etexcmds)             In the latter case, load this package earlier.
Package: kvsetkeys 2016/05/16 v1.17 Key value parser (HO)
Package: kvdefinekeys 2016/05/16 v1.4 Define keys (HO)
Package: pdftexcmds 2017/03/19 v0.25 Utility functions of pdfTeX for LuaTeX (HO
)
Package pdftexcmds Info: LuaTeX not detected.
Package pdftexcmds Info: \pdf@primitive is available.
Package pdftexcmds Info: \pdf@ifprimitive is available.
Package pdftexcmds Info: \pdfdraftmode found.
Package: pdfescape 2016/05/16 v1.14 Implements pdfTeX's escape features (HO)
Package: bigintcalc 2016/05/16 v1.4 Expandable calculations on big integers (HO
)
Package: bitset 2016/05/16 v1.2 Handle bit-vector datatype (HO)
Package: uniquecounter 2016/05/16 v1.3 Provide unlimited unique counter (HO)
)
Package hobsub Info: Skipping package `hobsub' (already loaded).
Package: letltxmacro 2016/05/16 v1.5 Let assignment for LaTeX macros (HO)
Package: hopatch 2016/05/16 v1.3 Wrapper for package hooks (HO)
Package: xcolor-patch 2016/05/16 xcolor patch
Package: atveryend 2016/05/16 v1.9 Hooks at the very end of document (HO)
Package atveryend Info: \enddocument detected (standard20110627).
Package: atbegshi 2016/06/09 v1.18 At begin shipout hook (HO)
Package: refcount 2016/05/16 v3.5 Data extraction from label references (HO)
Package: hycolor 2016/05/16 v1.8 Color options for hyperref/bookmark (HO)
)
(/usr/share/texlive/texmf-dist/tex/generic/ifxetex/ifxetex.sty
Package: ifxetex 2010/09/12 v0.6 Provides ifxetex conditional
)
(/usr/share/texlive/texmf-dist/tex/latex/oberdiek/auxhook.sty
Package: auxhook 2016/05/16 v1.4 Hooks for auxiliary files (HO)
)
(/usr/share/texlive/texmf-dist/tex/latex/oberdiek/kvoptions.sty
Package: kvoptions 2016/05/16 v3.12 Key value format for package options (HO)
)
\@linkdim=\dimen121
\Hy@linkcounter=\count99
\Hy@pagecounter=\count100

(/usr/share/texlive/texmf-dist/tex/latex/hyperref/pd1enc.def
File: pd1enc.def 2017/03/14 v6.85a Hyperref: PDFDocEncoding definition (HO)
)
\Hy@SavedSpaceFactor=\count101

(/usr/share/texlive/texmf-dist/tex/latex/latexconfig/hyperref.cfg
File: hyperref.cfg 2002/06/06 v1.2 hyperref configuration of TeXLive
)
Package hyperref Info: Option `debug' set `true' on input line 4374.


Package hyperref Warning: Option `a4paper' is no longer used.

Package hyperref Info: Option `breaklinks' set `true' on input line 4374.
Package hyperref Info: Option `bookmarksopen' set `true' on input line 4374.
Package hyperref Info: Option `colorlinks' set `true' on input line 4374.
Package hyperref Info: Option `bookmarksnumbered' set `true' on input line 4374
.
Package hyperref Info: Option `hyperindex' set `true' on input line 4374.
Package hyperref Info: Option `verbose' set `true' on input line 4374.
Package hyperref Info: Hyper figures OFF on input line 4498.
Package hyperref Info: Link nesting OFF on input line 4503.
Package hyperref Info: Hyper index ON on input line 4506.
Package hyperref Info: Plain pages OFF on input line 4513.
Package hyperref Info: Backreferencing ON on input line 4516.
Package hyperref Info: Implicit mode ON; LaTeX internals redefined.
Package hyperref Info: Bookmarks ON on input line 4751.
(/usr/share/texlive/texmf-dist/tex/latex/hyperref/backref.sty
Package: backref 2016/05/21 v1.39 Bibliographical back referencing

(/usr/share/texlive/texmf-dist/tex/latex/oberdiek/rerunfilecheck.sty
Package: rerunfilecheck 2016/05/16 v1.8 Rerun checks for auxiliary files (HO)
Package uniquecounter Info: New unique counter `rerunfilecheck' on input line 2
82.
))
\c@Hy@tempcnt=\count102

(/usr/share/texlive/texmf-dist/tex/latex/url/url.sty
\Urlmuskip=\muskip10
Package: url 2013/09/16  ver 3.4  Verb mode for urls, etc.
)
LaTeX Info: Redefining \url on input line 5104.
\XeTeXLinkMargin=\dimen122
\Fld@menulength=\count103
\Field@Width=\dimen123
\Fld@charsize=\dimen124
Package hyperref Info: Hyper figures OFF on input line 6358.
Package hyperref Info: Link nesting OFF on input line 6363.
Package hyperref Info: Hyper index ON on input line 6366.
Package hyperref Info: backreferencing ON on input line 6371.
Package hyperref Info: Link coloring ON on input line 6376.
Package hyperref Info: Link coloring with OCG OFF on input line 6383.
Package hyperref Info: PDF/A mode OFF on input line 6388.
LaTeX Info: Redefining \ref on input line 6428.
LaTeX Info: Redefining \pageref on input line 6432.
\Hy@abspage=\count104
\c@Item=\count105
\c@Hfootnote=\count106
)

Package hyperref Message: Driver (autodetected): hpdftex.

(/usr/share/texlive/texmf-dist/tex/latex/hyperref/hpdftex.def
File: hpdftex.def 2017/03/14 v6.85a Hyperref driver for pdfTeX
\Fld@listcount=\count107
\c@bookmark@seq@number=\count108
\Hy@SectionHShift=\skip62
)
(/usr/share/texlive/texmf-dist/tex/latex/ae/ae.sty
Package: ae 2001/02/12 1.3 Almost European Computer Modern

(/usr/share/texlive/texmf-dist/tex/latex/base/fontenc.sty
Package: fontenc 2017/04/05 v2.0i Standard LaTeX package

(/usr/share/texlive/texmf-dist/tex/latex/base/t1enc.def
File: t1enc.def 2017/04/05 v2.0i Standard LaTeX file
LaTeX Font Info:    Redeclaring font encoding T1 on input line 48.
)
LaTeX Font Info:    Try loading font information for T1+aer on input line 105.

(/usr/share/texlive/texmf-dist/tex/latex/ae/t1aer.fd
File: t1aer.fd 1997/11/16 Font definitions for T1/aer.
)))
(/usr/share/texlive/texmf-dist/tex/latex/graphics/graphicx.sty
Package: graphicx 2017/06/01 v1.1a Enhanced LaTeX Graphics (DPC,SPQR)

(/usr/share/texlive/texmf-dist/tex/latex/graphics/graphics.sty
Package: graphics 2017/06/25 v1.2c Standard LaTeX Graphics (DPC,SPQR)

(/usr/share/texlive/texmf-dist/tex/latex/graphics/trig.sty
Package: trig 2016/01/03 v1.10 sin cos tan (DPC)
)
(/usr/share/texlive/texmf-dist/tex/latex/graphics-cfg/graphics.cfg
File: graphics.cfg 2016/06/04 v1.11 sample graphics configuration
)
Package graphics Info: Driver file: pdftex.def on input line 99.
)
\Gin@req@height=\dimen125
\Gin@req@width=\dimen126
)
(/usr/share/texlive/texmf-dist/tex/latex/geometry/geometry.sty
Package: geometry 2010/09/12 v5.6 Page Geometry
\Gm@cnth=\count109
\Gm@cntv=\count110
\c@Gm@tempcnt=\count111
\Gm@bindingoffset=\dimen127
\Gm@wd@mp=\dimen128
\Gm@odd@mp=\dimen129
\Gm@even@mp=\dimen130
\Gm@layoutwidth=\dimen131
\Gm@layoutheight=\dimen132
\Gm@layouthoffset=\dimen133
\Gm@layoutvoffset=\dimen134
\Gm@dimlist=\toks21
) (./abntcite.sty (./cvs-id.def)
Package: abntcite 2003/10/13 v1.26 Chamadas de referencias no texto (NBR10520)
 (./abntex-abrev.sty (./cvs-id.def)
Package: abntex-abrev 2003/10/13 v1.3 Abreviacoes
 (./nbr10522-1988.def
(./cvs-id.def)
File: nbr10522-1988.def 2003/10/13 v1.2 Abreviacoes bibliograficas (NBR10522:19
88)
) (./abntex-abrev-pt_BR.def (./cvs-id.def)
File: abntex-abrev-pt_BR.def 2003/10/13 v1.2 definicao de abntex-abrev, traduca
o de termos en_US/pt_BR
)) (./nbr10520-2002.def (./cvs-id.def)
File: nbr10520-2002.def 2003/10/13 v1.2 Definicoes para abntcite (NBR10520:2002
)
)
\minimumbiblabelwidth=\skip63
\ABCIauxlen=\skip64
\c@ABCIaux=\count112
\c@ABCImax=\count113
 (/usr/share/texlive/texmf-dist/tex/latex/relsize/relsize.sty
Package: relsize 2013/03/29 ver 4.1
)
\biblabelsep=\skip65
LaTeX Info: Redefining \newblock on input line 562.
LaTeX Info: Redefining \cite on input line 589.
\ABCItoken=\toks22
) (/usr/share/texlive/texmf-dist/tex/latex/amsmath/amsmath.sty
Package: amsmath 2016/11/05 v2.16a AMS math features
\@mathmargin=\skip66

For additional information on amsmath, use the `?' option.
(/usr/share/texlive/texmf-dist/tex/latex/amsmath/amstext.sty
Package: amstext 2000/06/29 v2.01 AMS text

(/usr/share/texlive/texmf-dist/tex/latex/amsmath/amsgen.sty
File: amsgen.sty 1999/11/30 v2.0 generic functions
\@emptytoks=\toks23
\ex@=\dimen135
))
(/usr/share/texlive/texmf-dist/tex/latex/amsmath/amsbsy.sty
Package: amsbsy 1999/11/29 v1.2d Bold Symbols
\pmbraise@=\dimen136
)
(/usr/share/texlive/texmf-dist/tex/latex/amsmath/amsopn.sty
Package: amsopn 2016/03/08 v2.02 operator names
)
\inf@bad=\count114
LaTeX Info: Redefining \frac on input line 213.
\uproot@=\count115
\leftroot@=\count116
LaTeX Info: Redefining \overline on input line 375.
\classnum@=\count117
\DOTSCASE@=\count118
LaTeX Info: Redefining \ldots on input line 472.
LaTeX Info: Redefining \dots on input line 475.
LaTeX Info: Redefining \cdots on input line 596.
\Mathstrutbox@=\box30
\strutbox@=\box31
\big@size=\dimen137
LaTeX Font Info:    Redeclaring font encoding OML on input line 712.
LaTeX Font Info:    Redeclaring font encoding OMS on input line 713.
\macc@depth=\count119
\c@MaxMatrixCols=\count120
\dotsspace@=\muskip11
\c@parentequation=\count121
\dspbrk@lvl=\count122
\tag@help=\toks24
\row@=\count123
\column@=\count124
\maxfields@=\count125
\andhelp@=\toks25
\eqnshift@=\dimen138
\alignsep@=\dimen139
\tagshift@=\dimen140
\tagwidth@=\dimen141
\totwidth@=\dimen142
\lineht@=\dimen143
\@envbody=\toks26
\multlinegap=\skip67
\multlinetaggap=\skip68
\mathdisplay@stack=\toks27
LaTeX Info: Redefining \[ on input line 2817.
LaTeX Info: Redefining \] on input line 2818.
)
(/usr/share/texlive/texmf-dist/tex/latex/trivfloat/trivfloat.sty
Package: trivfloat 2009/04/23 v1.4 Quick floats in LaTeX

(/usr/share/texlive/texmf-dist/tex/latex/float/float.sty
Package: float 2001/11/08 v1.3d Float enhancements (AL)
\c@float@type=\count126
\float@exts=\toks28
\float@box=\box32
\@float@everytoks=\toks29
\@floatcapt=\box33
)
\c@tfl@float@cnt=\count127
LaTeX Info: Redefining \tfl@uppercase on input line 223.
)
(/usr/share/texmf/tex/latex/chngcntr/chngcntr/chngcntr.sty
Package: chngcntr 2009/09/02 v1.0a change counter resetting
)
(/usr/share/texlive/texmf-dist/tex/latex/caption/newfloat.sty
Package: newfloat 2015/09/17 v1.1-109 Defining new floating environments (AR)
)
Package newfloat Info: New float `figura' with options `' on input line 1048.
\c@figura=\count128
Package newfloat Info: float type `figura'=4 on input line 1048.
Package newfloat Info: \listoffiguras is already defined on input line 1048.
\@float@every@figura=\toks30
Package newfloat Info: New float `tabela' with options `' on input line 1058.
\c@tabela=\count129
Package newfloat Info: float type `tabela'=8 on input line 1058.
Package newfloat Info: \listoftabelas is already defined on input line 1058.
\@float@every@tabela=\toks31
Package newfloat Info: New float `quadro' with options `' on input line 1068.
\c@quadro=\count130
Package newfloat Info: float type `quadro'=16 on input line 1068.
Package newfloat Info: \listofquadros is already defined on input line 1068.
\@float@every@quadro=\toks32
Package newfloat Info: New float `grafico' with options `' on input line 1078.
\c@grafico=\count131
Package newfloat Info: float type `grafico'=32 on input line 1078.
Package newfloat Info: \listofgraficos is already defined on input line 1078.
\@float@every@grafico=\toks33
Package newfloat Info: New float `fotografia' with options `' on input line 108
9.
\c@fotografia=\count132
Package newfloat Info: float type `fotografia'=64 on input line 1089.
Package newfloat Info: \listoffotografias is already defined on input line 1089
.
\@float@every@fotografia=\toks34
\c@mecounter=\count133
\c@kwcipcounter=\count134
\nohyphen=\language85
\ABNTEXcitacaorecuo=\skip69
)
(/usr/share/texlive/texmf-dist/tex/latex/graphics/epsfig.sty
Package: epsfig 2017/06/25 v1.7b (e)psfig emulation (SPQR)
\epsfxsize=\dimen144
\epsfysize=\dimen145
)
(/usr/share/texlive/texmf-dist/tex/latex/amsfonts/amssymb.sty
Package: amssymb 2013/01/14 v3.01 AMS font symbols
)
(/usr/share/texlive/texmf-dist/tex/latex/subfig/subfig.sty
Package: subfig 2005/06/28 ver: 1.3 subfig package
\c@KVtest=\count135
\sf@farskip=\skip70
\sf@captopadj=\dimen146
\sf@capskip=\skip71
\sf@nearskip=\skip72
\c@subfigure=\count136
\c@subfigure@save=\count137
\c@lofdepth=\count138
\c@subtable=\count139
\c@subtable@save=\count140
\c@lotdepth=\count141
\sf@top=\skip73
\sf@bottom=\skip74
)
(/usr/share/texlive/texmf-dist/tex/latex/multirow/multirow.sty
Package: multirow 2016/11/25 v2.2 Span multiple rows of a table
\multirow@colwidth=\skip75
\multirow@cntb=\count142
\multirow@dima=\skip76
\bigstrutjot=\dimen147
)
(/usr/share/texmf/tex/latex/lm/lmodern.sty
Package: lmodern 2009/10/30 v1.6 Latin Modern Fonts
LaTeX Font Info:    Overwriting symbol font `operators' in version `normal'
(Font)                  OT1/cmr/m/n --> OT1/lmr/m/n on input line 22.
LaTeX Font Info:    Overwriting symbol font `letters' in version `normal'
(Font)                  OML/cmm/m/it --> OML/lmm/m/it on input line 23.
LaTeX Font Info:    Overwriting symbol font `symbols' in version `normal'
(Font)                  OMS/cmsy/m/n --> OMS/lmsy/m/n on input line 24.
LaTeX Font Info:    Overwriting symbol font `largesymbols' in version `normal'
(Font)                  OMX/cmex/m/n --> OMX/lmex/m/n on input line 25.
LaTeX Font Info:    Overwriting symbol font `operators' in version `bold'
(Font)                  OT1/cmr/bx/n --> OT1/lmr/bx/n on input line 26.
LaTeX Font Info:    Overwriting symbol font `letters' in version `bold'
(Font)                  OML/cmm/b/it --> OML/lmm/b/it on input line 27.
LaTeX Font Info:    Overwriting symbol font `symbols' in version `bold'
(Font)                  OMS/cmsy/b/n --> OMS/lmsy/b/n on input line 28.
LaTeX Font Info:    Overwriting symbol font `largesymbols' in version `bold'
(Font)                  OMX/cmex/m/n --> OMX/lmex/m/n on input line 29.
LaTeX Font Info:    Overwriting math alphabet `\mathbf' in version `normal'
(Font)                  OT1/cmr/bx/n --> OT1/lmr/bx/n on input line 31.
LaTeX Font Info:    Overwriting math alphabet `\mathsf' in version `normal'
(Font)                  OT1/cmss/m/n --> OT1/lmss/m/n on input line 32.
LaTeX Font Info:    Overwriting math alphabet `\mathit' in version `normal'
(Font)                  OT1/cmr/m/it --> OT1/lmr/m/it on input line 33.
LaTeX Font Info:    Overwriting math alphabet `\mathtt' in version `normal'
(Font)                  OT1/cmtt/m/n --> OT1/lmtt/m/n on input line 34.
LaTeX Font Info:    Overwriting math alphabet `\mathbf' in version `bold'
(Font)                  OT1/cmr/bx/n --> OT1/lmr/bx/n on input line 35.
LaTeX Font Info:    Overwriting math alphabet `\mathsf' in version `bold'
(Font)                  OT1/cmss/bx/n --> OT1/lmss/bx/n on input line 36.
LaTeX Font Info:    Overwriting math alphabet `\mathit' in version `bold'
(Font)                  OT1/cmr/bx/it --> OT1/lmr/bx/it on input line 37.
LaTeX Font Info:    Overwriting math alphabet `\mathtt' in version `bold'
(Font)                  OT1/cmtt/m/n --> OT1/lmtt/m/n on input line 38.
)
\@glossaryfile=\write3
\openout3 = `dissertação.glo'.


Writing glossary file dissertação.glo 
(./dissertação.aux

LaTeX Warning: Label `fig:logodissertacao' multiply defined.

)
\openout1 = `dissertação.aux'.

LaTeX Font Info:    Checking defaults for OML/cmm/m/it on input line 130.
LaTeX Font Info:    ... okay on input line 130.
LaTeX Font Info:    Checking defaults for T1/cmr/m/n on input line 130.
LaTeX Font Info:    ... okay on input line 130.
LaTeX Font Info:    Checking defaults for OT1/cmr/m/n on input line 130.
LaTeX Font Info:    ... okay on input line 130.
LaTeX Font Info:    Checking defaults for OMS/cmsy/m/n on input line 130.
LaTeX Font Info:    ... okay on input line 130.
LaTeX Font Info:    Checking defaults for OMX/cmex/m/n on input line 130.
LaTeX Font Info:    ... okay on input line 130.
LaTeX Font Info:    Checking defaults for U/cmr/m/n on input line 130.
LaTeX Font Info:    ... okay on input line 130.
LaTeX Font Info:    Checking defaults for PD1/pdf/m/n on input line 130.
LaTeX Font Info:    ... okay on input line 130.
LaTeX Font Info:    Try loading font information for T1+lmr on input line 130.
 (/usr/share/texmf/tex/latex/lm/t1lmr.fd
File: t1lmr.fd 2009/10/30 v1.6 Font defs for Latin Modern
)
Package lastpage Info: Please have a look at the pageslts package at
(lastpage)             https://www.ctan.org/pkg/pageslts
(lastpage)             ! on input line 130.
Package caption Info: Begin \AtBeginDocument code.
Package caption Info: subfig package v1.3 is loaded.
Package caption Info: float package is loaded.
Package caption Info: hyperref package is loaded.
Package caption Info: longtable package is loaded.

(/usr/share/texlive/texmf-dist/tex/latex/caption/ltcaption.sty
Package: ltcaption 2013/06/09 v1.4-94 longtable captions (AR)
)
Package caption Info: End \AtBeginDocument code.

(/usr/share/texlive/texmf-dist/tex/context/base/mkii/supp-pdf.mkii
[Loading MPS to PDF converter (version 2006.09.02).]
\scratchcounter=\count143
\scratchdimen=\dimen148
\scratchbox=\box34
\nofMPsegments=\count144
\nofMParguments=\count145
\everyMPshowfont=\toks35
\MPscratchCnt=\count146
\MPscratchDim=\dimen149
\MPnumerator=\count147
\makeMPintoPDFobject=\count148
\everyMPtoPDFconversion=\toks36
) (/usr/share/texlive/texmf-dist/tex/latex/oberdiek/epstopdf-base.sty
Package: epstopdf-base 2016/05/15 v2.6 Base part for package epstopdf

(/usr/share/texlive/texmf-dist/tex/latex/oberdiek/grfext.sty
Package: grfext 2016/05/16 v1.2 Manage graphics extensions (HO)
)
Package epstopdf-base Info: Redefining graphics rule for `.eps' on input line 4
38.
Package grfext Info: Graphics extension search list:
(grfext)             [.pdf,.png,.jpg,.mps,.jpeg,.jbig2,.jb2,.PDF,.PNG,.JPG,.JPE
G,.JBIG2,.JB2,.eps]
(grfext)             \AppendGraphicsExtensions on input line 456.

(/usr/share/texlive/texmf-dist/tex/latex/latexconfig/epstopdf-sys.cfg
File: epstopdf-sys.cfg 2010/07/13 v1.3 Configuration of (r)epstopdf for TeX Liv
e
))
\AtBeginShipoutBox=\box35
Package hyperref Info: Link coloring ON on input line 130.

(/usr/share/texlive/texmf-dist/tex/latex/hyperref/nameref.sty
Package: nameref 2016/05/21 v2.44 Cross-referencing by name of section

(/usr/share/texlive/texmf-dist/tex/generic/oberdiek/gettitlestring.sty
Package: gettitlestring 2016/05/16 v1.5 Cleanup title references (HO)
)
\c@section@level=\count149
)
LaTeX Info: Redefining \ref on input line 130.
LaTeX Info: Redefining \pageref on input line 130.
LaTeX Info: Redefining \nameref on input line 130.

(./dissertação.out) (./dissertação.out)
\@outlinefile=\write4
\openout4 = `dissertação.out'.

Package hyperref Info: Anchor `Doc-Start' on input line 130.

*geometry* detected driver: pdftex
*geometry* verbose mode - [ preamble ] result:
* driver: pdftex
* paper: a4paper
* layout: <same size as paper>
* layoutoffset:(h,v)=(0.0pt,0.0pt)
* modes: 
* h-part:(L,W,R)=(85.35826pt, 455.24411pt, 56.9055pt)
* v-part:(T,H,B)=(85.35826pt, 702.78308pt, 56.9055pt)
* \paperwidth=597.50787pt
* \paperheight=845.04684pt
* \textwidth=455.24411pt
* \textheight=702.78308pt
* \oddsidemargin=13.08827pt
* \evensidemargin=13.08827pt
* \topmargin=-17.07156pt
* \headheight=15.93347pt
* \headsep=14.22636pt
* \topskip=12.0pt
* \footskip=35.24373pt
* \marginparwidth=38.0pt
* \marginparsep=7.0pt
* \columnsep=10.0pt
* \skip\footins=10.8pt plus 4.0pt minus 2.0pt
* \hoffset=0.0pt
* \voffset=0.0pt
* \mag=1000
* \@twocolumnfalse
* \@twosidefalse
* \@mparswitchfalse
* \@reversemarginfalse
* (1in=72.27pt=25.4mm, 1cm=28.453pt)


Package float Warning: Can't redefine counter variable for figura. on input lin
e 130.


Package float Warning: Can't redefine counter variable for tabela. on input lin
e 130.


Package float Warning: Can't redefine counter variable for quadro. on input lin
e 130.


Package float Warning: Can't redefine counter variable for grafico. on input li
ne 130.


Package float Warning: Can't redefine counter variable for fotografia. on input
 line 130.

\c@butlastpage=\count150
Package babel Info: Redefining portuges shorthand "|
(babel)             in language  on input line 133.
Package hyperref Info: Anchor `capa.0' on input line 133.
Package hyperref Info: Anchor `figure.caption.1' on input line 133.
<Elementos_Pre_Textuais/Logo.pdf, id=313, pagebox=cropbox, 449.5194pt x 118.522
8pt>
File: Elementos_Pre_Textuais/Logo.pdf Graphic file (type pdf)
<use Elementos_Pre_Textuais/Logo.pdf>
Package pdftex.def Info: Elementos_Pre_Textuais/Logo.pdf  used on input line 13
3. on input line 133.
Package pdftex.def Info: Requested size: 409.71692pt x 108.03133pt on input lin
e 133.
Package babel Info: Redefining portuges shorthand "|
(babel)             in language  on input line 133.
Package babel Info: Redefining portuges shorthand "|
(babel)             in language  on input line 133.
Package hyperref Info: Anchor `page.i' on input line 133.
[1



{/var/lib/texmf/fonts/map/pdftex/updmap/pdftex.map} <./Elementos_Pre_Textuais/L
ogo.pdf>]
Package babel Info: Redefining portuges shorthand "|
(babel)             in language  on input line 133.
Package hyperref Info: Anchor `folha de rosto.0' on input line 133.
Package hyperref Info: Anchor `figure.caption.2' on input line 133.
File: Elementos_Pre_Textuais/Logo.pdf Graphic file (type pdf)
<use Elementos_Pre_Textuais/Logo.pdf>
Package pdftex.def Info: Elementos_Pre_Textuais/Logo.pdf  used on input line 13
3. on input line 133.
Package pdftex.def Info: Requested size: 409.71692pt x 108.03133pt on input lin
e 133.
LaTeX Font Info:    Try loading font information for OT1+lmr on input line 133.

 (/usr/share/texmf/tex/latex/lm/ot1lmr.fd
File: ot1lmr.fd 2009/10/30 v1.6 Font defs for Latin Modern
)
LaTeX Font Info:    Try loading font information for OML+lmm on input line 133.


(/usr/share/texmf/tex/latex/lm/omllmm.fd
File: omllmm.fd 2009/10/30 v1.6 Font defs for Latin Modern
)
LaTeX Font Info:    Try loading font information for OMS+lmsy on input line 133
.

(/usr/share/texmf/tex/latex/lm/omslmsy.fd
File: omslmsy.fd 2009/10/30 v1.6 Font defs for Latin Modern
)
LaTeX Font Info:    Try loading font information for OMX+lmex on input line 133
.

(/usr/share/texmf/tex/latex/lm/omxlmex.fd
File: omxlmex.fd 2009/10/30 v1.6 Font defs for Latin Modern
)
LaTeX Font Info:    External font `lmex10' loaded for size
(Font)              <14.4> on input line 133.
LaTeX Font Info:    External font `lmex10' loaded for size
(Font)              <10> on input line 133.
LaTeX Font Info:    External font `lmex10' loaded for size
(Font)              <7> on input line 133.
LaTeX Font Info:    Try loading font information for U+msa on input line 133.

(/usr/share/texlive/texmf-dist/tex/latex/amsfonts/umsa.fd
File: umsa.fd 2013/01/14 v3.01 AMS symbols A
)
LaTeX Font Info:    Try loading font information for U+msb on input line 133.

(/usr/share/texlive/texmf-dist/tex/latex/amsfonts/umsb.fd
File: umsb.fd 2013/01/14 v3.01 AMS symbols B
)
Package babel Info: Redefining portuges shorthand "|
(babel)             in language  on input line 133.
Package babel Info: Redefining portuges shorthand "|
(babel)             in language  on input line 133.
Package hyperref Info: Anchor `page.ii' on input line 133.
 [2]
Package babel Info: Redefining portuges shorthand "|
(babel)             in language  on input line 133.
Package hyperref Info: Anchor `folha de aprovacao.0' on input line 133.
LaTeX Font Info:    External font `lmex10' loaded for size
(Font)              <10.95> on input line 133.
LaTeX Font Info:    External font `lmex10' loaded for size
(Font)              <8> on input line 133.
LaTeX Font Info:    External font `lmex10' loaded for size
(Font)              <6> on input line 133.
Package babel Info: Redefining portuges shorthand "|
(babel)             in language  on input line 133.
Package babel Info: Redefining portuges shorthand "|
(babel)             in language  on input line 133.
Package hyperref Info: Anchor `page.iii' on input line 133.
 [3]
Package babel Info: Redefining portuges shorthand "|
(babel)             in language  on input line 133.
Package hyperref Info: Anchor `Ficha catalografica.0' on input line 133.
LaTeX Font Info:    External font `lmex10' loaded for size
(Font)              <5> on input line 133.

Underfull \hbox (badness 10000) in paragraph at lines 133--133

 []

LaTeX Font Info:    External font `lmex10' loaded for size
(Font)              <12> on input line 133.
Package babel Info: Redefining portuges shorthand "|
(babel)             in language  on input line 133.
Package babel Info: Redefining portuges shorthand "|
(babel)             in language  on input line 133.
Package hyperref Info: Anchor `page.iv' on input line 133.
[4]
Package babel Info: Redefining portuges shorthand "|
(babel)             in language  on input line 137.
Package hyperref Info: Anchor `dedication.0' on input line 137.
Package babel Info: Redefining portuges shorthand "|
(babel)             in language  on input line 139.
Package babel Info: Redefining portuges shorthand "|
(babel)             in language  on input line 139.
Package hyperref Info: Anchor `page.iv' on input line 139.
pdfTeX warning (ext4): destination with the same identifier (name{page.iv}) has
 been already used, duplicate ignored
<to be read again> 
                   \relax 
l.139 \end{itadedication}
                          [4]
Package hyperref Info: Anchor `chapter*.3' on input line 143.
Package babel Info: Redefining portuges shorthand "|
(babel)             in language  on input line 143.
Package hyperref Info: Anchor `acknowledgment.0' on input line 143.
 (./Elementos_Pre_Textuais/agradecimentos.tex)
Package babel Info: Redefining portuges shorthand "|
(babel)             in language  on input line 144.
Package babel Info: Redefining portuges shorthand "|
(babel)             in language  on input line 144.
Package hyperref Info: Anchor `page.v' on input line 144.

[5

]
Package babel Info: Redefining portuges shorthand "|
(babel)             in language  on input line 148.
Package hyperref Info: Anchor `epigrafe.0' on input line 148.
LaTeX Font Info:    Try loading font information for T1+lmss on input line 152.

 (/usr/share/texmf/tex/latex/lm/t1lmss.fd
File: t1lmss.fd 2009/10/30 v1.6 Font defs for Latin Modern
)
LaTeX Font Info:    Font shape `T1/lmss/m/it' in size <12> not available
(Font)              Font shape `T1/lmss/m/sl' tried instead on input line 152.
Package babel Info: Redefining portuges shorthand "|
(babel)             in language  on input line 164.
Package babel Info: Redefining portuges shorthand "|
(babel)             in language  on input line 164.
Package hyperref Info: Anchor `page.vi' on input line 164.
 [6]
Package hyperref Info: Anchor `chapter*.4' on input line 164.
Package babel Info: Redefining portuges shorthand "|
(babel)             in language  on input line 164.
Package hyperref Info: Anchor `resumo.0' on input line 164.

(./Elementos_Pre_Textuais/resumo.tex)
Package babel Info: Redefining portuges shorthand "|
(babel)             in language  on input line 170.
Package babel Info: Redefining portuges shorthand "|
(babel)             in language  on input line 170.
Package hyperref Info: Anchor `page.vii' on input line 170.
 [7

]
Package hyperref Info: Anchor `chapter*.5' on input line 170.
Package babel Info: Redefining portuges shorthand "|
(babel)             in language  on input line 170.
Package hyperref Info: Anchor `abstract.0' on input line 170.

(./Elementos_Pre_Textuais/abstract.tex)
Package babel Info: Redefining portuges shorthand "|
(babel)             in language  on input line 178.
Package babel Info: Redefining portuges shorthand "|
(babel)             in language  on input line 178.
Package hyperref Info: Anchor `page.viii' on input line 178.
 [8

]
Package hyperref Info: Anchor `chapter*.6' on input line 178.
 (./dissertação.loa
Package hyperref Info: Reference (link) `figura.b.1' on input line 25.
Package hyperref Info: Reference (link) `figura.b.2' on input line 26.
Package hyperref Info: Reference (link) `figura.b.3' on input line 27.
Package hyperref Info: Reference (link) `figura.b.4' on input line 28.
Package hyperref Info: Reference (link) `figura.b.5' on input line 29.
)
\tf@loa=\write5
\openout5 = `dissertação.loa'.

Package babel Info: Redefining portuges shorthand "|
(babel)             in language  on input line 179.
Package hyperref Info: Anchor `figura.0' on input line 179.
Package babel Info: Redefining portuges shorthand "|
(babel)             in language  on input line 189.
Package babel Info: Redefining portuges shorthand "|
(babel)             in language  on input line 189.
Package hyperref Info: Anchor `page.ix' on input line 189.
 [9

Package `hyperref' Info: End of reference (link) `figura.b.1', line 25.
Package `hyperref' Info: End of reference (link) `figura.b.2', line 26.
Package `hyperref' Info: End of reference (link) `figura.b.3', line 27.
Package `hyperref' Info: End of reference (link) `figura.b.4', line 28.
Package `hyperref' Info: End of reference (link) `figura.b.5', line 29.
]
Package hyperref Info: Anchor `chapter*.7' on input line 189.

(./dissertação.lob)
\tf@lob=\write6
\openout6 = `dissertação.lob'.

Package babel Info: Redefining portuges shorthand "|
(babel)             in language  on input line 195.
Package babel Info: Redefining portuges shorthand "|
(babel)             in language  on input line 195.
Package hyperref Info: Anchor `page.x' on input line 195.
 [10

]
Package hyperref Info: Anchor `chapter*.8' on input line 195.
 (./dissertação.loc)
\tf@loc=\write7
\openout7 = `dissertação.loc'.

Package babel Info: Redefining portuges shorthand "|
(babel)             in language  on input line 201.
Package babel Info: Redefining portuges shorthand "|
(babel)             in language  on input line 201.
Package hyperref Info: Anchor `page.xi' on input line 201.
 [11

]
Package hyperref Info: Anchor `chapter*.9' on input line 201.
 (./dissertação.lod)
\tf@lod=\write8
\openout8 = `dissertação.lod'.

Package babel Info: Redefining portuges shorthand "|
(babel)             in language  on input line 207.
Package babel Info: Redefining portuges shorthand "|
(babel)             in language  on input line 207.
Package hyperref Info: Anchor `page.xii' on input line 207.

[12

]
Package hyperref Info: Anchor `chapter*.10' on input line 207.
 (./dissertação.loe)
\tf@loe=\write9
\openout9 = `dissertação.loe'.

Package babel Info: Redefining portuges shorthand "|
(babel)             in language  on input line 216.
Package babel Info: Redefining portuges shorthand "|
(babel)             in language  on input line 216.
Package hyperref Info: Anchor `page.xiii' on input line 216.
 [13

]
Package hyperref Info: Anchor `chapter*.11' on input line 216.
Package babel Info: Redefining portuges shorthand "|
(babel)             in language  on input line 216.
Package hyperref Info: Anchor `listaabreviaturas.0' on input line 216.
 (./dissertação.lof)
\tf@lof=\write10
\openout10 = `dissertação.lof'.


(./Elementos_Pre_Textuais/listaabreviaturas.tex
Package hyperref Info: Anchor `table.0.1' on input line 6.
)
Package babel Info: Redefining portuges shorthand "|
(babel)             in language  on input line 227.
Package babel Info: Redefining portuges shorthand "|
(babel)             in language  on input line 227.
Package hyperref Info: Anchor `page.xiv' on input line 227.
 [14

]
Package hyperref Info: Anchor `chapter*.12' on input line 227.
Package babel Info: Redefining portuges shorthand "|
(babel)             in language  on input line 227.
Package hyperref Info: Anchor `contents.0' on input line 227.
 (./dissertação.toc
Underfull \hbox (badness 10000) in paragraph at lines 2--2
 []  
 []

Package hyperref Info: Reference (link) `chapter.1' on input line 2.
Package hyperref Info: Reference (link) `section.1.1' on input line 3.
Package hyperref Info: Reference (link) `section.1.2' on input line 4.
Package hyperref Info: Reference (link) `section.1.3' on input line 5.
Package hyperref Info: Reference (link) `section.1.4' on input line 6.

Underfull \hbox (badness 10000) in paragraph at lines 7--7
 []  
 []

Package hyperref Info: Reference (link) `chapter.2' on input line 7.
Package hyperref Info: Reference (link) `section.2.1' on input line 8.
Package hyperref Info: Reference (link) `section.2.2' on input line 9.
Package hyperref Info: Reference (link) `section.2.3' on input line 10.
Package hyperref Info: Reference (link) `subsection.2.3.1' on input line 11.
Package hyperref Info: Reference (link) `subsection.2.3.2' on input line 12.

Underfull \hbox (badness 10000) in paragraph at lines 13--13
 []  
 []

Package hyperref Info: Reference (link) `chapter.3' on input line 13.
Package hyperref Info: Reference (link) `section.3.1' on input line 14.
Package hyperref Info: Reference (link) `subsection.3.1.1' on input line 15.
Package hyperref Info: Reference (link) `subsection.3.1.2' on input line 16.
Package hyperref Info: Reference (link) `subsection.3.1.3' on input line 17.
Package hyperref Info: Reference (link) `subsection.3.1.4' on input line 18.
Package hyperref Info: Reference (link) `subsection.3.1.5' on input line 19.
Package hyperref Info: Reference (link) `section.3.2' on input line 20.

Underfull \hbox (badness 10000) in paragraph at lines 21--21
 []  
 []

Package hyperref Info: Reference (link) `chapter.4' on input line 21.
Package hyperref Info: Reference (link) `section.4.1' on input line 22.
Package hyperref Info: Reference (link) `section.4.2' on input line 23.
Package babel Info: Redefining portuges shorthand "|
(babel)             in language  on input line 24.
Package babel Info: Redefining portuges shorthand "|
(babel)             in language  on input line 24.
Package hyperref Info: Anchor `page.xv' on input line 24.
[15

Package `hyperref' Info: End of reference (link) `chapter.1', line 2.
Package `hyperref' Info: End of reference (link) `section.1.1', line 3.
Package `hyperref' Info: End of reference (link) `section.1.2', line 4.
Package `hyperref' Info: End of reference (link) `section.1.3', line 5.
Package `hyperref' Info: End of reference (link) `section.1.4', line 6.
Package `hyperref' Info: End of reference (link) `chapter.2', line 7.
Package `hyperref' Info: End of reference (link) `section.2.1', line 8.
Package `hyperref' Info: End of reference (link) `section.2.2', line 9.
Package `hyperref' Info: End of reference (link) `section.2.3', line 10.
Package `hyperref' Info: End of reference (link) `subsection.2.3.1', line 11.
Package `hyperref' Info: End of reference (link) `subsection.2.3.2', line 12.
Package `hyperref' Info: End of reference (link) `chapter.3', line 13.
Package `hyperref' Info: End of reference (link) `section.3.1', line 14.
Package `hyperref' Info: End of reference (link) `subsection.3.1.1', line 15.
Package `hyperref' Info: End of reference (link) `subsection.3.1.2', line 16.
Package `hyperref' Info: End of reference (link) `subsection.3.1.3', line 17.
Package `hyperref' Info: End of reference (link) `subsection.3.1.4', line 18.
Package `hyperref' Info: End of reference (link) `subsection.3.1.5', line 19.
Package `hyperref' Info: End of reference (link) `section.3.2', line 20.
Package `hyperref' Info: End of reference (link) `chapter.4', line 21.
Package `hyperref' Info: End of reference (link) `section.4.1', line 22.
]
Package hyperref Info: Reference (link) `subsection.4.2.1' on input line 24.
Package hyperref Info: Reference (link) `subsection.4.2.2' on input line 25.
Package hyperref Info: Reference (link) `subsection.4.2.3' on input line 26.
Package hyperref Info: Reference (link) `subsection.4.2.4' on input line 27.
Package hyperref Info: Reference (link) `subsection.4.2.5' on input line 28.
Package hyperref Info: Reference (link) `subsection.4.2.6' on input line 29.
Package hyperref Info: Reference (link) `subsection.4.2.7' on input line 30.
Package hyperref Info: Reference (link) `subsection.4.2.8' on input line 31.

Underfull \hbox (badness 10000) in paragraph at lines 32--32
 []  
 []

Package hyperref Info: Reference (link) `chapter.5' on input line 32.
Package hyperref Info: Reference (link) `section.5.1' on input line 33.
Package hyperref Info: Reference (link) `subsection.5.1.1' on input line 34.
Package hyperref Info: Reference (link) `subsection.5.1.2' on input line 35.
Package hyperref Info: Reference (link) `subsection.5.1.3' on input line 36.
Package hyperref Info: Reference (link) `subsection.5.1.4' on input line 37.
Package hyperref Info: Reference (link) `subsection.5.1.5' on input line 38.
Package hyperref Info: Reference (link) `subsection.5.1.6' on input line 39.
Package hyperref Info: Reference (link) `subsection.5.1.7' on input line 40.
Package hyperref Info: Reference (link) `subsection.5.1.8' on input line 41.

Underfull \hbox (badness 10000) in paragraph at lines 42--42
 []  
 []

Package hyperref Info: Reference (link) `chapter.6' on input line 42.

Underfull \hbox (badness 10000) in paragraph at lines 43--43
 []  
 []

Package hyperref Info: Reference (link) `chapter.7' on input line 43.

Underfull \hbox (badness 10000) in paragraph at lines 45--45
 []  
 []

Package hyperref Info: Reference (link) `appendix.A' on input line 45.
Package hyperref Info: Reference (link) `section.A.1' on input line 46.
Package hyperref Info: Reference (link) `section.A.2' on input line 47.
Package hyperref Info: Reference (link) `section.A.3' on input line 48.

Underfull \hbox (badness 10000) in paragraph at lines 49--49
 []  
 []

Package hyperref Info: Reference (link) `appendix.B' on input line 49.
Package hyperref Info: Reference (link) `section.B.1' on input line 50.
Package hyperref Info: Reference (link) `section.B.2' on input line 51.
Package babel Info: Redefining portuges shorthand "|
(babel)             in language  on input line 52.
Package babel Info: Redefining portuges shorthand "|
(babel)             in language  on input line 52.
Package hyperref Info: Anchor `page.xvi' on input line 52.
[16
Package `hyperref' Info: End of reference (link) `section.4.2', line 23.
Package `hyperref' Info: End of reference (link) `subsection.4.2.1', line 24.
Package `hyperref' Info: End of reference (link) `subsection.4.2.2', line 25.
Package `hyperref' Info: End of reference (link) `subsection.4.2.3', line 26.
Package `hyperref' Info: End of reference (link) `subsection.4.2.4', line 27.
Package `hyperref' Info: End of reference (link) `subsection.4.2.5', line 28.
Package `hyperref' Info: End of reference (link) `subsection.4.2.6', line 29.
Package `hyperref' Info: End of reference (link) `subsection.4.2.7', line 30.
Package `hyperref' Info: End of reference (link) `subsection.4.2.8', line 31.
Package `hyperref' Info: End of reference (link) `chapter.5', line 32.
Package `hyperref' Info: End of reference (link) `section.5.1', line 33.
Package `hyperref' Info: End of reference (link) `subsection.5.1.1', line 34.
Package `hyperref' Info: End of reference (link) `subsection.5.1.2', line 35.
Package `hyperref' Info: End of reference (link) `subsection.5.1.3', line 36.
Package `hyperref' Info: End of reference (link) `subsection.5.1.4', line 37.
Package `hyperref' Info: End of reference (link) `subsection.5.1.5', line 38.
Package `hyperref' Info: End of reference (link) `subsection.5.1.6', line 39.
Package `hyperref' Info: End of reference (link) `subsection.5.1.7', line 40.
Package `hyperref' Info: End of reference (link) `subsection.5.1.8', line 41.
Package `hyperref' Info: End of reference (link) `chapter.6', line 42.
Package `hyperref' Info: End of reference (link) `chapter.7', line 43.
Package `hyperref' Info: End of reference (link) `appendix.A', line 45.
Package `hyperref' Info: End of reference (link) `section.A.1', line 46.
Package `hyperref' Info: End of reference (link) `section.A.2', line 47.
Package `hyperref' Info: End of reference (link) `section.A.3', line 48.
Package `hyperref' Info: End of reference (link) `appendix.B', line 49.
Package `hyperref' Info: End of reference (link) `section.B.1', line 50.
]
Package hyperref Info: Reference (link) `section.B.3' on input line 52.
Package hyperref Info: Reference (link) `section.B.4' on input line 53.

Underfull \hbox (badness 10000) in paragraph at lines 54--54
 []  
 []

Package hyperref Info: Reference (link) `appendix.C' on input line 54.
Package hyperref Info: Reference (link) `section.C.1' on input line 55.

Underfull \hbox (badness 10000) in paragraph at lines 56--56
 []  
 []

Package hyperref Info: Reference (link) `appendix.D' on input line 56.
Package hyperref Info: Reference (link) `section.D.1' on input line 57.

Underfull \hbox (badness 10000) in paragraph at lines 59--59
 []  
 []

Package hyperref Info: Reference (link) `annex.a' on input line 59.
Package hyperref Info: Reference (link) `section.a.1' on input line 60.

Underfull \hbox (badness 10000) in paragraph at lines 61--61
 []  
 []

Package hyperref Info: Reference (link) `annex.b' on input line 61.
Package hyperref Info: Reference (link) `section.b.1' on input line 62.
Package hyperref Info: Reference (link) `section.b.2' on input line 63.

Underfull \hbox (badness 10000) in paragraph at lines 64--64
 []  
 []

Package hyperref Info: Reference (link) `annex.c' on input line 64.
Package hyperref Info: Reference (link) `section.c.1' on input line 65.
Package hyperref Info: Reference (link) `section.c.2' on input line 66.

Underfull \hbox (badness 10000) in paragraph at lines 67--67
 []  
 []

Package hyperref Info: Reference (link) `annex.d' on input line 67.
Package hyperref Info: Reference (link) `section.d.1' on input line 68.
)
\tf@toc=\write11
\openout11 = `dissertação.toc'.

Package babel Info: Redefining portuges shorthand "|
(babel)             in language  on input line 229.
Package babel Info: Redefining portuges shorthand "|
(babel)             in language  on input line 229.
Package hyperref Info: Anchor `page.xvii' on input line 229.
 [17
Package `hyperref' Info: End of reference (link) `section.B.2', line 51.
Package `hyperref' Info: End of reference (link) `section.B.3', line 52.
Package `hyperref' Info: End of reference (link) `section.B.4', line 53.
Package `hyperref' Info: End of reference (link) `appendix.C', line 54.
Package `hyperref' Info: End of reference (link) `section.C.1', line 55.
Package `hyperref' Info: End of reference (link) `appendix.D', line 56.
Package `hyperref' Info: End of reference (link) `section.D.1', line 57.
Package `hyperref' Info: End of reference (link) `annex.a', line 59.
Package `hyperref' Info: End of reference (link) `section.a.1', line 60.
Package `hyperref' Info: End of reference (link) `annex.b', line 61.
Package `hyperref' Info: End of reference (link) `section.b.1', line 62.
Package `hyperref' Info: End of reference (link) `section.b.2', line 63.
Package `hyperref' Info: End of reference (link) `annex.c', line 64.
Package `hyperref' Info: End of reference (link) `section.c.1', line 65.
Package `hyperref' Info: End of reference (link) `section.c.2', line 66.
Package `hyperref' Info: End of reference (link) `annex.d', line 67.
Package `hyperref' Info: End of reference (link) `section.d.1', line 68.
]
Package hyperref Info: Anchor `chapter.1' on input line 232.

Cap\'{\i }tulo 1.
Package babel Info: Redefining portuges shorthand "|
(babel)             in language  on input line 232.
pdftex: bookmark at 232: {1} {\numberline{1}Introdu\c c\~ao} {chapter.1}{0}{toc
}
(./Introducao/introducao.tex
Package hyperref Info: Anchor `section.1.1' on input line 1.
Package babel Info: Redefining portuges shorthand "|
(babel)             in language  on input line 1.

pdftex: bookmark at 1: {1.1} {\numberline{1.1}Motiva\c c\~ao, Import\^ancia e J
ustificativa} {section.1.1}{1}{toc}
Package hyperref Info: Reference (cite) `cite.moreira2004particulas' on input l
ine 2.
Package hyperref Info: Reference (cite) `cite.moreira2004particulas' on input l
ine 2.
Package hyperref Info: Anchor `section.1.2' on input line 3.
Package babel Info: Redefining portuges shorthand "|
(babel)             in language  on input line 3.
pdftex: bookmark at 3: {1.2} {\numberline{1.2}Quest\~ao de Pesquisa e Delimita\
c c\~ao} {section.1.2}{1}{toc}
Package hyperref Info: Anchor `section.1.3' on input line 4.
Package babel Info: Redefining portuges shorthand "|
(babel)             in language  on input line 4.
pdftex: bookmark at 4: {1.3} {\numberline{1.3}Objetivos} {section.1.3}{1}{toc}
LaTeX Font Info:    Try loading font information for OMS+lmr on input line 7.
(/usr/share/texmf/tex/latex/lm/omslmr.fd
File: omslmr.fd 2009/10/30 v1.6 Font defs for Latin Modern
)
LaTeX Font Info:    Font shape `OMS/lmr/m/n' in size <12> not available
(Font)              Font shape `OMS/lmsy/m/n' tried instead on input line 7.
Package hyperref Info: Anchor `section.1.4' on input line 12.
Package babel Info: Redefining portuges shorthand "|
(babel)             in language  on input line 12.

pdftex: bookmark at 12: {1.4} {\numberline{1.4}Organiza\c c\~ao do Trabalho} {s
ection.1.4}{1}{toc}
Package hyperref Info: Reference (link) `chapter.2' on input line 14.
Package hyperref Info: Reference (link) `chapter.3' on input line 16.
Package hyperref Info: Reference (link) `chapter.4' on input line 18.
Package hyperref Info: Reference (link) `chapter.5' on input line 20.
Package hyperref Info: Reference (link) `chapter.6' on input line 22.
)
Package babel Info: Redefining portuges shorthand "|
(babel)             in language  on input line 235.
Package babel Info: Redefining portuges shorthand "|
(babel)             in language  on input line 235.
Package hyperref Info: Anchor `page.1' on input line 235.
 [1


Package `hyperref' Info: End of reference (cite) `cite.moreira2004particulas', 
line 2.
Package `hyperref' Info: End of reference (cite) `cite.moreira2004particulas', 
line 2.
Package `hyperref' Info: End of reference (link) `chapter.2', line 14.
Package `hyperref' Info: End of reference (link) `chapter.3', line 16.
Package `hyperref' Info: End of reference (link) `chapter.4', line 18.
Package `hyperref' Info: End of reference (link) `chapter.5', line 20.
]
Package babel Info: Redefining portuges shorthand "|
(babel)             in language  on input line 235.
Package babel Info: Redefining portuges shorthand "|
(babel)             in language  on input line 235.
Package hyperref Info: Anchor `page.2' on input line 235.
 [2
Package `hyperref' Info: End of reference (link) `chapter.6', line 22.
]
Package hyperref Info: Anchor `chapter.2' on input line 235.

Cap\'{\i }tulo 2.
Package babel Info: Redefining portuges shorthand "|
(babel)             in language  on input line 235.
pdftex: bookmark at 235: {2} {\numberline{2}Fundamenta\c c\~ao Te\'orica} {chap
ter.2}{0}{toc}
(./Fundamentacao_Teorica/fundamentacao.tex
Package hyperref Info: Anchor `section.2.1' on input line 1.
Package babel Info: Redefining portuges shorthand "|
(babel)             in language  on input line 1.

pdftex: bookmark at 1: {2.1} {\numberline{2.1}Base Legal} {section.2.1}{1}{toc}

Package hyperref Info: Anchor `section.2.2' on input line 54.
Package babel Info: Redefining portuges shorthand "|
(babel)             in language  on input line 54.
pdftex: bookmark at 54: {2.2} {\numberline{2.2}Revis\~ao de Trabalhos Relaciona
dos com o Tema} {section.2.2}{1}{toc}
Package hyperref Info: Anchor `section.2.3' on input line 56.
Package babel Info: Redefining portuges shorthand "|
(babel)             in language  on input line 56.
pdftex: bookmark at 56: {2.3} {\numberline{2.3}Referenciais Te\'oricos} {sectio
n.2.3}{1}{toc}
Package hyperref Info: Anchor `subsection.2.3.1' on input line 58.
Package babel Info: Redefining portuges shorthand "|
(babel)             in language  on input line 58.
pdftex: bookmark at 58: {2.3.1} {\numberline{2.3.1}David Ausubel - Aprendizagem
 Significativa} {subsection.2.3.1}{2}{toc}
Package hyperref Info: Anchor `subsection.2.3.2' on input line 60.
Package babel Info: Redefining portuges shorthand "|
(babel)             in language  on input line 60.
pdftex: bookmark at 60: {2.3.2} {\numberline{2.3.2}Marc Prensky - Aprendizagem 
Baseada em Jogos Digitais} {subsection.2.3.2}{2}{toc}
)
Package babel Info: Redefining portuges shorthand "|
(babel)             in language  on input line 238.
Package babel Info: Redefining portuges shorthand "|
(babel)             in language  on input line 238.
Package hyperref Info: Anchor `page.3' on input line 238.
 [3

]
Package hyperref Info: Anchor `chapter.3' on input line 238.

Cap\'{\i }tulo 3.
Package babel Info: Redefining portuges shorthand "|
(babel)             in language  on input line 238.
pdftex: bookmark at 238: {3} {\numberline{3}Descri\c c\~ao do Produto Educacion
al} {chapter.3}{0}{toc}
(./Descricao_do_Produto/descricao.tex
Package hyperref Info: Anchor `section.3.1' on input line 1.
Package babel Info: Redefining portuges shorthand "|
(babel)             in language  on input line 1.

pdftex: bookmark at 1: {3.1} {\numberline{3.1}O Jogo Digital} {section.3.1}{1}{
toc}
Package hyperref Info: Anchor `subsection.3.1.1' on input line 13.
Package babel Info: Redefining portuges shorthand "|
(babel)             in language  on input line 13.
pdftex: bookmark at 13: {3.1.1} {\numberline{3.1.1}O Scratch} {subsection.3.1.1
}{2}{toc}
Package babel Info: Redefining portuges shorthand "|
(babel)             in language  on input line 18.
Package babel Info: Redefining portuges shorthand "|
(babel)             in language  on input line 18.
Package hyperref Info: Anchor `page.4' on input line 18.
[4

]
Package hyperref Info: Reference (cite) `cite.marji2014aprenda' on input line 2
1.
Package hyperref Info: Reference (cite) `cite.marji2014aprenda' on input line 2
1.
Package hyperref Info: Anchor `subsection.3.1.2' on input line 27.
Package babel Info: Redefining portuges shorthand "|
(babel)             in language  on input line 27.

pdftex: bookmark at 27: {3.1.2} {\numberline{3.1.2}Programa\c c\~ao} {subsectio
n.3.1.2}{2}{toc}
LaTeX Font Info:    Try loading font information for T1+lmtt on input line 33.
(/usr/share/texmf/tex/latex/lm/t1lmtt.fd
File: t1lmtt.fd 2009/10/30 v1.6 Font defs for Latin Modern
)
Package hyperref Info: Reference (cite) `cite.Doe:2009:Online' on input line 35
.
Package hyperref Info: Reference (cite) `cite.Doe:2009:Online' on input line 35
.
Package hyperref Info: Anchor `subsection.3.1.3' on input line 38.
Package babel Info: Redefining portuges shorthand "|
(babel)             in language  on input line 38.

pdftex: bookmark at 38: {3.1.3} {\numberline{3.1.3}Descri\c c\~ao} {subsection.
3.1.3}{2}{toc}
Package babel Info: Redefining portuges shorthand "|
(babel)             in language  on input line 67.
Package babel Info: Redefining portuges shorthand "|
(babel)             in language  on input line 67.
Package hyperref Info: Anchor `page.5' on input line 67.
[5
Package `hyperref' Info: End of reference (cite) `cite.marji2014aprenda', line 
21.
Package `hyperref' Info: End of reference (cite) `cite.marji2014aprenda', line 
21.
Package `hyperref' Info: End of reference (link) `chapter.6', line 22.
Package `hyperref' Info: End of reference (cite) `cite.Doe:2009:Online', line 3
5.
Package `hyperref' Info: End of reference (cite) `cite.Doe:2009:Online', line 3
5.
]
Package hyperref Info: Anchor `subsection.3.1.4' on input line 88.
Package babel Info: Redefining portuges shorthand "|
(babel)             in language  on input line 88.

pdftex: bookmark at 88: {3.1.4} {\numberline{3.1.4}Enredo} {subsection.3.1.4}{2
}{toc}
Package hyperref Info: Anchor `subsection.3.1.5' on input line 89.
Package babel Info: Redefining portuges shorthand "|
(babel)             in language  on input line 89.
pdftex: bookmark at 89: {3.1.5} {\numberline{3.1.5}Atividades Extras} {subsecti
on.3.1.5}{2}{toc}
Package hyperref Info: Reference (link) `Hfootnote.1' on input line 93.
Package hyperref Info: Anchor `Hfootnote.1' on input line 93.
Package babel Info: Redefining portuges shorthand "|
(babel)             in language  on input line 104.
Package babel Info: Redefining portuges shorthand "|
(babel)             in language  on input line 104.
Package hyperref Info: Anchor `page.6' on input line 104.
[6
Package `hyperref' Info: End of reference (link) `Hfootnote.1', line 93.
]
Package hyperref Info: Anchor `section.3.2' on input line 105.
Package babel Info: Redefining portuges shorthand "|
(babel)             in language  on input line 105.

pdftex: bookmark at 105: {3.2} {\numberline{3.2}Organiza\c c\~ao da Sequ\^encia
 Did\'atica} {section.3.2}{1}{toc}
)
Package babel Info: Redefining portuges shorthand "|
(babel)             in language  on input line 241.
Package babel Info: Redefining portuges shorthand "|
(babel)             in language  on input line 241.
Package hyperref Info: Anchor `page.7' on input line 241.
 [7]
Package hyperref Info: Anchor `chapter.4' on input line 241.

Cap\'{\i }tulo 4.
Package babel Info: Redefining portuges shorthand "|
(babel)             in language  on input line 241.
pdftex: bookmark at 241: {4} {\numberline{4}Aplica\c c\~ao do Produto Educacion
al} {chapter.4}{0}{toc}
(./Aplicacao_do_Produto/aplicacao.tex
Package hyperref Info: Anchor `section.4.1' on input line 1.
Package babel Info: Redefining portuges shorthand "|
(babel)             in language  on input line 1.

pdftex: bookmark at 1: {4.1} {\numberline{4.1}Metodologia} {section.4.1}{1}{toc
}
Package hyperref Info: Anchor `section.4.2' on input line 16.
Package babel Info: Redefining portuges shorthand "|
(babel)             in language  on input line 16.
pdftex: bookmark at 16: {4.2} {\numberline{4.2}Relato de Experi\^encia} {sectio
n.4.2}{1}{toc}
Package hyperref Info: Anchor `subsection.4.2.1' on input line 20.
Package babel Info: Redefining portuges shorthand "|
(babel)             in language  on input line 20.
pdftex: bookmark at 20: {4.2.1} {\numberline{4.2.1}1\IeC {\textordfeminine } Au
la: Pesquisa inicial - Jogos Digitais} {subsection.4.2.1}{2}{toc}
Package hyperref Info: Reference (link) `Hfootnote.2' on input line 26.
Package hyperref Info: Anchor `Hfootnote.2' on input line 26.
Package hyperref Info: Reference (link) `section.c.1' on input line 26.
Package hyperref Info: Reference (link) `Hfootnote.3' on input line 26.
Package hyperref Info: Anchor `Hfootnote.3' on input line 26.
Package hyperref Info: Reference (link) `section.c.2' on input line 26.
Package hyperref Info: Reference (link) `section.b.1' on input line 28.
Package hyperref Info: Reference (cite) `cite.moreira2004particulas' on input l
ine 28.
Package hyperref Info: Reference (cite) `cite.moreira2004particulas' on input l
ine 28.
Package hyperref Info: Reference (link) `section.B.1' on input line 30.
Package babel Info: Redefining portuges shorthand "|
(babel)             in language  on input line 32.
Package babel Info: Redefining portuges shorthand "|
(babel)             in language  on input line 32.
Package hyperref Info: Anchor `page.8' on input line 32.
[8

Package `hyperref' Info: End of reference (link) `Hfootnote.2', line 26.
Package `hyperref' Info: End of reference (link) `section.c.1', line 26.
Package `hyperref' Info: End of reference (link) `Hfootnote.3', line 26.
Package `hyperref' Info: End of reference (link) `section.c.2', line 26.
Package `hyperref' Info: End of reference (link) `section.b.1', line 28.
Package `hyperref' Info: End of reference (cite) `cite.moreira2004particulas', 
line 28.
Package `hyperref' Info: End of reference (cite) `cite.moreira2004particulas', 
line 28.
Package `hyperref' Info: End of reference (link) `section.B.1', line 30.
]
Package hyperref Info: Anchor `subsection.4.2.2' on input line 32.
Package babel Info: Redefining portuges shorthand "|
(babel)             in language  on input line 32.

pdftex: bookmark at 32: {4.2.2} {\numberline{4.2.2}2\IeC {\textordfeminine } Au
la: Pr\'e-teste} {subsection.4.2.2}{2}{toc}
Package hyperref Info: Reference (link) `section.B.2' on input line 33.
Package hyperref Info: Reference (link) `Hfootnote.4' on input line 36.
Package hyperref Info: Anchor `Hfootnote.4' on input line 36.
Package hyperref Info: Reference (link) `Hfootnote.5' on input line 37.
Package hyperref Info: Anchor `Hfootnote.5' on input line 37.
Package hyperref Info: Anchor `subsection.4.2.3' on input line 41.
Package babel Info: Redefining portuges shorthand "|
(babel)             in language  on input line 41.
pdftex: bookmark at 41: {4.2.3} {\numberline{4.2.3}3\IeC {\textordfeminine } Au
la: 1\IeC {\textordfeminine } Aplica\c c\~ao do jogo} {subsection.4.2.3}{2}{toc
}
Package hyperref Info: Anchor `subsection.4.2.4' on input line 44.
Package babel Info: Redefining portuges shorthand "|
(babel)             in language  on input line 44.
pdftex: bookmark at 44: {4.2.4} {\numberline{4.2.4}4\IeC {\textordfeminine } Au
la e 5\IeC {\textordfeminine } Aula: V\IeC {\'\i }deo ``{O Discreto charme das 
part\IeC {\'\i }culas elementares}''} {subsection.4.2.4}{2}{toc}
Package hyperref Info: Anchor `subsection.4.2.5' on input line 45.
Package babel Info: Redefining portuges shorthand "|
(babel)             in language  on input line 45.
pdftex: bookmark at 45: {4.2.5} {\numberline{4.2.5}6\IeC {\textordfeminine } Au
la e 7\IeC {\textordfeminine } Aula: Aula expositiva} {subsection.4.2.5}{2}{toc
}
Package hyperref Info: Anchor `subsection.4.2.6' on input line 46.
Package babel Info: Redefining portuges shorthand "|
(babel)             in language  on input line 46.
pdftex: bookmark at 46: {4.2.6} {\numberline{4.2.6}8\IeC {\textordfeminine } Au
la: Segunda aplica\c c\~ao do jogo} {subsection.4.2.6}{2}{toc}
Package hyperref Info: Anchor `subsection.4.2.7' on input line 47.
Package babel Info: Redefining portuges shorthand "|
(babel)             in language  on input line 47.
pdftex: bookmark at 47: {4.2.7} {\numberline{4.2.7}9\IeC {\textordfeminine } Au
la: P\'os-teste} {subsection.4.2.7}{2}{toc}
Package hyperref Info: Anchor `subsection.4.2.8' on input line 48.
Package babel Info: Redefining portuges shorthand "|
(babel)             in language  on input line 48.
pdftex: bookmark at 48: {4.2.8} {\numberline{4.2.8}10\IeC {\textordfeminine } A
ula: Pesquisa final - aplica\c c\~ao do produto educacional} {subsection.4.2.8}
{2}{toc}
)
Package babel Info: Redefining portuges shorthand "|
(babel)             in language  on input line 244.
Package babel Info: Redefining portuges shorthand "|
(babel)             in language  on input line 244.
Package hyperref Info: Anchor `page.9' on input line 244.
 [9
Package `hyperref' Info: End of reference (link) `section.B.2', line 33.
Package `hyperref' Info: End of reference (link) `Hfootnote.4', line 36.
Package `hyperref' Info: End of reference (link) `Hfootnote.5', line 37.
]
Package hyperref Info: Anchor `chapter.5' on input line 244.

Cap\'{\i }tulo 5.
Package babel Info: Redefining portuges shorthand "|
(babel)             in language  on input line 244.
pdftex: bookmark at 244: {5} {\numberline{5}Resultados e Discuss\~oes} {chapter
.5}{0}{toc}
(./Resultados_e_Discussoes/resultados.tex
Package hyperref Info: Anchor `section.5.1' on input line 1.
Package babel Info: Redefining portuges shorthand "|
(babel)             in language  on input line 1.

pdftex: bookmark at 1: {5.1} {\numberline{5.1}Resultados e Discuss\~oes sobre a
 Sequ\^encia de Aplica\c c\~ao} {section.5.1}{1}{toc}
Package hyperref Info: Anchor `subsection.5.1.1' on input line 5.
Package babel Info: Redefining portuges shorthand "|
(babel)             in language  on input line 5.
pdftex: bookmark at 5: {5.1.1} {\numberline{5.1.1}An\'alise da Pesquisa Inicial
} {subsection.5.1.1}{2}{toc}
Package hyperref Info: Anchor `subsection.5.1.2' on input line 6.
Package babel Info: Redefining portuges shorthand "|
(babel)             in language  on input line 6.
pdftex: bookmark at 6: {5.1.2} {\numberline{5.1.2}An\'alise do Pr\'e-Teste} {su
bsection.5.1.2}{2}{toc}
Package hyperref Info: Anchor `subsection.5.1.3' on input line 7.
Package babel Info: Redefining portuges shorthand "|
(babel)             in language  on input line 7.
pdftex: bookmark at 7: {5.1.3} {\numberline{5.1.3}An\'alise da Primeira Aplica\
c c\~ao do Jogo} {subsection.5.1.3}{2}{toc}
Package hyperref Info: Anchor `subsection.5.1.4' on input line 8.
Package babel Info: Redefining portuges shorthand "|
(babel)             in language  on input line 8.
pdftex: bookmark at 8: {5.1.4} {\numberline{5.1.4}Discuss\~oes sobre o V\IeC {\
'\i }deo: ``{O Discreto Charme das Part\IeC {\'\i }culas Elementares}''} {subse
ction.5.1.4}{2}{toc}
Package hyperref Info: Anchor `subsection.5.1.5' on input line 9.
Package babel Info: Redefining portuges shorthand "|
(babel)             in language  on input line 9.
pdftex: bookmark at 9: {5.1.5} {\numberline{5.1.5}An\'alise das Aulas Expositiv
as 1 e 2} {subsection.5.1.5}{2}{toc}
Package hyperref Info: Anchor `subsection.5.1.6' on input line 10.
Package babel Info: Redefining portuges shorthand "|
(babel)             in language  on input line 10.
pdftex: bookmark at 10: {5.1.6} {\numberline{5.1.6}An\'alise da Segunda Aplica\
c c\~ao do Jogo} {subsection.5.1.6}{2}{toc}
Package hyperref Info: Anchor `subsection.5.1.7' on input line 11.
Package babel Info: Redefining portuges shorthand "|
(babel)             in language  on input line 11.
pdftex: bookmark at 11: {5.1.7} {\numberline{5.1.7}An\'alise do P\'os-Teste} {s
ubsection.5.1.7}{2}{toc}
Package hyperref Info: Anchor `subsection.5.1.8' on input line 12.
Package babel Info: Redefining portuges shorthand "|
(babel)             in language  on input line 12.
pdftex: bookmark at 12: {5.1.8} {\numberline{5.1.8}An\'alise da Pesquisa Final}
 {subsection.5.1.8}{2}{toc}
)
Package babel Info: Redefining portuges shorthand "|
(babel)             in language  on input line 247.
Package babel Info: Redefining portuges shorthand "|
(babel)             in language  on input line 247.
Package hyperref Info: Anchor `page.10' on input line 247.
 [10

]
Package hyperref Info: Anchor `chapter.6' on input line 247.

Cap\'{\i }tulo 6.
Package babel Info: Redefining portuges shorthand "|
(babel)             in language  on input line 247.
pdftex: bookmark at 247: {6} {\numberline{6}Conclus\~ao} {chapter.6}{0}{toc}
(./Conclusao/conclusao.tex) (./dissertação.bbl (./dissertação.brf)
\tf@brf=\write12
\openout12 = `dissertação.brf'.

Package babel Info: Redefining portuges shorthand "|
(babel)             in language  on input line 3.
Package babel Info: Redefining portuges shorthand "|
(babel)             in language  on input line 3.
Package hyperref Info: Anchor `page.11' on input line 3.
 [11

]
Package hyperref Info: Anchor `chapter*.13' on input line 3.
Package hyperref Info: Anchor `chapter.7' on input line 3.
Package babel Info: Redefining portuges shorthand "|
(babel)             in language  on input line 3.

pdftex: bookmark at 3: {7} {Refer\^encias} {chapter.7}{0}{toc}
Package hyperref Info: Anchor `cite.Doe:2009:Online' on input line 12.
Package hyperref Info: Anchor `cite.marji2014aprenda' on input line 18.
Package hyperref Info: Anchor `cite.moreira2004particulas' on input line 24.
)
Package babel Info: Redefining portuges shorthand "|
(babel)             in language  on input line 256.
Package babel Info: Redefining portuges shorthand "|
(babel)             in language  on input line 256.
Package hyperref Info: Anchor `page.12' on input line 256.
 [12

Package `hyperref' Info: End of reference (link) `section.B.2', line 33.
]
Package hyperref Info: Anchor `appendix.A' on input line 257.

Ap\^endice A.
Package babel Info: Redefining portuges shorthand "|
(babel)             in language  on input line 257.
pdftex: bookmark at 257: {A} {\numberline{A}O Jogo Digital} {appendix.A}{0}{toc
}
(./ApeA/apea.tex
Package hyperref Info: Anchor `section.A.1' on input line 4.
Package babel Info: Redefining portuges shorthand "|
(babel)             in language  on input line 4.

pdftex: bookmark at 4: {A.1} {\numberline{A.1}Enredo} {section.A.1}{1}{toc}
Package hyperref Info: Anchor `section.A.2' on input line 8.
Package babel Info: Redefining portuges shorthand "|
(babel)             in language  on input line 8.
pdftex: bookmark at 8: {A.2} {\numberline{A.2}Programa\c c\~ao} {section.A.2}{1
}{toc}
Package hyperref Info: Anchor `section.A.3' on input line 12.
Package babel Info: Redefining portuges shorthand "|
(babel)             in language  on input line 12.
pdftex: bookmark at 12: {A.3} {\numberline{A.3}Design} {section.A.3}{1}{toc}
)
Package babel Info: Redefining portuges shorthand "|
(babel)             in language  on input line 260.
Package babel Info: Redefining portuges shorthand "|
(babel)             in language  on input line 260.
Package hyperref Info: Anchor `page.13' on input line 260.
 [13


]
Package hyperref Info: Anchor `appendix.B' on input line 260.

Ap\^endice B.
Package babel Info: Redefining portuges shorthand "|
(babel)             in language  on input line 260.
pdftex: bookmark at 260: {B} {\numberline{B}Question\'arios} {appendix.B}{0}{to
c}
(./ApeB/apeb.tex
Package hyperref Info: Anchor `section.B.1' on input line 1.
Package babel Info: Redefining portuges shorthand "|
(babel)             in language  on input line 1.

pdftex: bookmark at 1: {B.1} {\numberline{B.1}Inicial} {section.B.1}{1}{toc}
Package hyperref Info: Anchor `section.B.2' on input line 5.
Package babel Info: Redefining portuges shorthand "|
(babel)             in language  on input line 5.
pdftex: bookmark at 5: {B.2} {\numberline{B.2}Pr\'e-Teste} {section.B.2}{1}{toc
}
Package hyperref Info: Anchor `section.B.3' on input line 8.
Package babel Info: Redefining portuges shorthand "|
(babel)             in language  on input line 8.
pdftex: bookmark at 8: {B.3} {\numberline{B.3}P\'os-Teste} {section.B.3}{1}{toc
}
Package hyperref Info: Anchor `section.B.4' on input line 11.
Package babel Info: Redefining portuges shorthand "|
(babel)             in language  on input line 11.
pdftex: bookmark at 11: {B.4} {\numberline{B.4}Final} {section.B.4}{1}{toc}
)
Package babel Info: Redefining portuges shorthand "|
(babel)             in language  on input line 263.
Package babel Info: Redefining portuges shorthand "|
(babel)             in language  on input line 263.
Package hyperref Info: Anchor `page.14' on input line 263.
 [14

]
Package hyperref Info: Anchor `appendix.C' on input line 263.

Ap\^endice C.
Package babel Info: Redefining portuges shorthand "|
(babel)             in language  on input line 263.
pdftex: bookmark at 263: {C} {\numberline{C}Atividades} {appendix.C}{0}{toc}
(./ApeC/apec.tex
Package hyperref Info: Anchor `section.C.1' on input line 1.
Package babel Info: Redefining portuges shorthand "|
(babel)             in language  on input line 1.

pdftex: bookmark at 1: {C.1} {\numberline{C.1}Resenha Cr\IeC {\'\i }tica} {sect
ion.C.1}{1}{toc}
)
Package babel Info: Redefining portuges shorthand "|
(babel)             in language  on input line 266.
Package babel Info: Redefining portuges shorthand "|
(babel)             in language  on input line 266.
Package hyperref Info: Anchor `page.15' on input line 266.
 [15

]
Package hyperref Info: Anchor `appendix.D' on input line 266.

Ap\^endice D.
Package babel Info: Redefining portuges shorthand "|
(babel)             in language  on input line 266.
pdftex: bookmark at 266: {D} {\numberline{D}Aula Expositiva} {appendix.D}{0}{to
c}
(./ApeD/aped.tex
Package hyperref Info: Anchor `section.D.1' on input line 1.
Package babel Info: Redefining portuges shorthand "|
(babel)             in language  on input line 1.

pdftex: bookmark at 1: {D.1} {\numberline{D.1}Slides} {section.D.1}{1}{toc}
)
Package babel Info: Redefining portuges shorthand "|
(babel)             in language  on input line 271.
Package babel Info: Redefining portuges shorthand "|
(babel)             in language  on input line 271.
Package hyperref Info: Anchor `page.16' on input line 271.
 [16

]
Package hyperref Info: Anchor `annex.a' on input line 272.

Anexo A.
Package babel Info: Redefining portuges shorthand "|
(babel)             in language  on input line 272.
pdftex: bookmark at 272: {A} {\numberline{A}Manuais do Scratch} {annex.a}{0}{to
c}
(./AneA/anea.tex
Package hyperref Info: Anchor `section.a.1' on input line 8.
Package babel Info: Redefining portuges shorthand "|
(babel)             in language  on input line 8.

pdftex: bookmark at 8: {A.1} {\numberline{A.1}Manuais do Scratch} {section.a.1}
{1}{toc}
)
Package babel Info: Redefining portuges shorthand "|
(babel)             in language  on input line 275.
Package babel Info: Redefining portuges shorthand "|
(babel)             in language  on input line 275.
Package hyperref Info: Anchor `page.17' on input line 275.
 [17


]
Package hyperref Info: Anchor `annex.b' on input line 275.

Anexo B.
Package babel Info: Redefining portuges shorthand "|
(babel)             in language  on input line 275.
pdftex: bookmark at 275: {B} {\numberline{B}Materiais de Apoio} {annex.b}{0}{to
c}
(./AneB/aneb.tex
Package hyperref Info: Anchor `section.b.1' on input line 3.
Package babel Info: Redefining portuges shorthand "|
(babel)             in language  on input line 3.

pdftex: bookmark at 3: {B.1} {\numberline{B.1}Texto Base} {section.b.1}{1}{toc}

<AneB/artigo_parte_1.pdf, id=609, pagebox=cropbox, 614.295pt x 794.97pt>
File: AneB/artigo_parte_1.pdf Graphic file (type pdf)
<use AneB/artigo_parte_1.pdf>
Package pdftex.def Info: AneB/artigo_parte_1.pdf  used on input line 10. on inp
ut line 10.
Package pdftex.def Info: Requested size: 455.24411pt x 589.14197pt on input lin
e 10.
Package hyperref Info: bookmark level for unknown figura defaults to 0 on input
 line 11.
pdftex: bookmark at 11: {1} {\numberline{1}{\ignorespaces Artigo: Part\IeC {\'\
i }culas e Intera\c c\~oes - P\'agina 1\relax }} {figura.b.1}{0}{loa}
Package hyperref Info: Anchor `figura.b.1' on input line 13.
<AneB/artigo_parte_2.pdf, id=610, pagebox=cropbox, 614.295pt x 794.97pt>
File: AneB/artigo_parte_2.pdf Graphic file (type pdf)
<use AneB/artigo_parte_2.pdf>
Package pdftex.def Info: AneB/artigo_parte_2.pdf  used on input line 17. on inp
ut line 17.
Package pdftex.def Info: Requested size: 455.24411pt x 589.14197pt on input lin
e 17.
pdftex: bookmark at 18: {2} {\numberline{2}{\ignorespaces Artigo: Part\IeC {\'\
i }culas e Intera\c c\~oes - P\'agina 2\relax }} {figura.b.2}{0}{loa}
Package hyperref Info: Anchor `figura.b.2' on input line 20.
<AneB/artigo_parte_3.pdf, id=611, pagebox=cropbox, 614.295pt x 794.97pt>
File: AneB/artigo_parte_3.pdf Graphic file (type pdf)
<use AneB/artigo_parte_3.pdf>
Package pdftex.def Info: AneB/artigo_parte_3.pdf  used on input line 24. on inp
ut line 24.
Package pdftex.def Info: Requested size: 455.24411pt x 589.14197pt on input lin
e 24.
pdftex: bookmark at 25: {3} {\numberline{3}{\ignorespaces Artigo: Part\IeC {\'\
i }culas e Intera\c c\~oes - P\'agina 3\relax }} {figura.b.3}{0}{loa}
Package hyperref Info: Anchor `figura.b.3' on input line 27.
<AneB/artigo_parte_4.pdf, id=612, pagebox=cropbox, 614.295pt x 794.97pt>
File: AneB/artigo_parte_4.pdf Graphic file (type pdf)
<use AneB/artigo_parte_4.pdf>
Package pdftex.def Info: AneB/artigo_parte_4.pdf  used on input line 31. on inp
ut line 31.
Package pdftex.def Info: Requested size: 455.24411pt x 589.14197pt on input lin
e 31.
pdftex: bookmark at 32: {4} {\numberline{4}{\ignorespaces Artigo: Part\IeC {\'\
i }culas e Intera\c c\~oes - P\'agina 4\relax }} {figura.b.4}{0}{loa}
Package hyperref Info: Anchor `figura.b.4' on input line 34.
<AneB/artigo_parte_5.pdf, id=613, pagebox=cropbox, 614.295pt x 794.97pt>
File: AneB/artigo_parte_5.pdf Graphic file (type pdf)
<use AneB/artigo_parte_5.pdf>
Package pdftex.def Info: AneB/artigo_parte_5.pdf  used on input line 38. on inp
ut line 38.
Package pdftex.def Info: Requested size: 455.24411pt x 589.14197pt on input lin
e 38.
pdftex: bookmark at 39: {5} {\numberline{5}{\ignorespaces Artigo: Part\IeC {\'\
i }culas e Intera\c c\~oes - P\'agina 5\relax }} {figura.b.5}{0}{loa}
Package hyperref Info: Anchor `figura.b.5' on input line 41.
Package hyperref Info: Anchor `section.b.2' on input line 43.
Package babel Info: Redefining portuges shorthand "|
(babel)             in language  on input line 43.
pdftex: bookmark at 43: {B.2} {\numberline{B.2}V\IeC {\'\i }deo} {section.b.2}{
1}{toc}
)
Package babel Info: Redefining portuges shorthand "|
(babel)             in language  on input line 278.
Package babel Info: Redefining portuges shorthand "|
(babel)             in language  on input line 278.
Package hyperref Info: Anchor `page.18' on input line 278.
 [18

]
Package babel Info: Redefining portuges shorthand "|
(babel)             in language  on input line 278.
Package babel Info: Redefining portuges shorthand "|
(babel)             in language  on input line 278.
Package hyperref Info: Anchor `page.19' on input line 278.
 [19 <./AneB/artigo_parte_1.pdf>]
Package babel Info: Redefining portuges shorthand "|
(babel)             in language  on input line 278.
Package babel Info: Redefining portuges shorthand "|
(babel)             in language  on input line 278.
Package hyperref Info: Anchor `page.20' on input line 278.
 [20 <./AneB/artigo_parte_2.pdf>]
Package babel Info: Redefining portuges shorthand "|
(babel)             in language  on input line 278.
Package babel Info: Redefining portuges shorthand "|
(babel)             in language  on input line 278.
Package hyperref Info: Anchor `page.21' on input line 278.

[21 <./AneB/artigo_parte_3.pdf>]
Package babel Info: Redefining portuges shorthand "|
(babel)             in language  on input line 278.
Package babel Info: Redefining portuges shorthand "|
(babel)             in language  on input line 278.
Package hyperref Info: Anchor `page.22' on input line 278.
 [22 <./AneB/artigo_parte_4.pdf>]
Package babel Info: Redefining portuges shorthand "|
(babel)             in language  on input line 278.
Package babel Info: Redefining portuges shorthand "|
(babel)             in language  on input line 278.
Package hyperref Info: Anchor `page.23' on input line 278.
 [23 <./AneB/artigo_parte_5.pdf>]
Package hyperref Info: Anchor `annex.c' on input line 278.

Anexo C.
Package babel Info: Redefining portuges shorthand "|
(babel)             in language  on input line 278.
pdftex: bookmark at 278: {C} {\numberline{C}Autoriza\c c\~oes} {annex.c}{0}{toc
}
(./AneC/anec.tex
Package hyperref Info: Anchor `section.c.1' on input line 3.
Package babel Info: Redefining portuges shorthand "|
(babel)             in language  on input line 3.

pdftex: bookmark at 3: {C.1} {\numberline{C.1}Autoriza\c c\~ao para Maior} {sec
tion.c.1}{1}{toc}
Package hyperref Info: Anchor `section.c.2' on input line 7.
Package babel Info: Redefining portuges shorthand "|
(babel)             in language  on input line 7.
pdftex: bookmark at 7: {C.2} {\numberline{C.2}Autoriza\c c\~ao para Menor} {sec
tion.c.2}{1}{toc}
)
Package babel Info: Redefining portuges shorthand "|
(babel)             in language  on input line 281.
Package babel Info: Redefining portuges shorthand "|
(babel)             in language  on input line 281.
Package hyperref Info: Anchor `page.24' on input line 281.
 [24

]
Package hyperref Info: Anchor `annex.d' on input line 281.

Anexo D.
Package babel Info: Redefining portuges shorthand "|
(babel)             in language  on input line 281.
pdftex: bookmark at 281: {D} {\numberline{D}Registro de Imagens} {annex.d}{0}{t
oc}
(./AneD/aned.tex
Package hyperref Info: Anchor `section.d.1' on input line 3.
Package babel Info: Redefining portuges shorthand "|
(babel)             in language  on input line 3.

pdftex: bookmark at 3: {D.1} {\numberline{D.1}Fotografias} {section.d.1}{1}{toc
}
) 
AED: lastpage setting LastPage
Package babel Info: Redefining portuges shorthand "|
(babel)             in language  on input line 307.
Package babel Info: Redefining portuges shorthand "|
(babel)             in language  on input line 307.
Package hyperref Info: Anchor `page.25' on input line 307.
[25

]
Package babel Info: Redefining portuges shorthand "|
(babel)             in language  on input line 307.
Package atveryend Info: Empty hook `BeforeClearDocument' on input line 307.
Package atveryend Info: Empty hook `AfterLastShipout' on input line 307.
 (./dissertação.aux)
Package atveryend Info: Executing hook `AtVeryEndDocument' on input line 307.
Package atveryend Info: Executing hook `AtEndAfterFileList' on input line 307.
Package rerunfilecheck Info: File `dissertação.out' has not changed.
(rerunfilecheck)             Checksum: 0846EA5620E93F36BA9F4810654FA60A;5598.
Package rerunfilecheck Info: File `dissertação.brf' has not changed.
(rerunfilecheck)             Checksum: D41D8CD98F00B204E9800998ECF8427E;0.


LaTeX Warning: There were multiply-defined labels.

Package atveryend Info: Empty hook `AtVeryVeryEnd' on input line 307.
 ) 
Here is how much of TeX's memory you used:
 10898 strings out of 492990
 161311 string characters out of 6135005
 265477 words of memory out of 5000000
 13942 multiletter control sequences out of 15000+600000
 101467 words of font info for 79 fonts, out of 8000000 for 9000
 1141 hyphenation exceptions out of 8191
 43i,12n,45p,2711b,622s stack positions out of 5000i,500n,10000p,200000b,80000s
{/usr/share/texmf/fonts/enc/dvips/lm/lm-ec.enc}{/usr/share/texmf/fonts/enc/dv
ips/lm/lm-mathsy.enc}{/usr/share/texmf/fonts/enc/dvips/lm/lm-rm.enc}{/usr/share
/texmf/fonts/enc/dvips/lm/lm-mathit.enc}</usr/share/texmf/fonts/type1/public/lm
/lmbx10.pfb></usr/share/texmf/fonts/type1/public/lm/lmbx12.pfb></usr/share/texm
f/fonts/type1/public/lm/lmbx8.pfb></usr/share/texmf/fonts/type1/public/lm/lmcsc
10.pfb></usr/share/texmf/fonts/type1/public/lm/lmmi10.pfb></usr/share/texmf/fon
ts/type1/public/lm/lmr10.pfb></usr/share/texmf/fonts/type1/public/lm/lmr12.pfb>
</usr/share/texmf/fonts/type1/public/lm/lmr7.pfb></usr/share/texmf/fonts/type1/
public/lm/lmr8.pfb></usr/share/texmf/fonts/type1/public/lm/lmri12.pfb></usr/sha
re/texmf/fonts/type1/public/lm/lmsso12.pfb></usr/share/texmf/fonts/type1/public
/lm/lmsy10.pfb></usr/share/texmf/fonts/type1/public/lm/lmsy7.pfb></usr/share/te
xmf/fonts/type1/public/lm/lmtt12.pfb>
Output written on dissertação.pdf (43 pages, 625072 bytes).
PDF statistics:
 820 PDF objects out of 1000 (max. 8388607)
 733 compressed objects within 8 object streams
 147 named destinations out of 1000 (max. 500000)
 647 words of extra memory for PDF output out of 10000 (max. 10000000)

