\BOOKMARK [0][]{capa.0}{Capa}{}% 1
\BOOKMARK [0][]{folha de rosto.0}{Folha de Rosto}{}% 2
\BOOKMARK [0][]{folha de aprovacao.0}{Folha de Aprova\347\343o}{}% 3
\BOOKMARK [0][]{Ficha catalografica.0}{Ficha Catalogr\341fica}{}% 4
\BOOKMARK [0][]{dedication.0}{Dedicat\363ria}{}% 5
\BOOKMARK [0][]{acknowledgment.0}{Agradecimentos}{}% 6
\BOOKMARK [0][]{epigrafe.0}{Ep\355grafe}{}% 7
\BOOKMARK [0][]{resumo.0}{Resumo}{}% 8
\BOOKMARK [0][]{abstract.0}{Abstract}{}% 9
\BOOKMARK [0][]{figura.0}{Lista de Figuras}{}% 10
\BOOKMARK [0][]{listaabreviaturas.0}{Lista de Abreviaturas e Siglas}{}% 11
\BOOKMARK [0][]{contents.0}{Sum\341rio}{}% 12
\BOOKMARK [0][]{chapter.1}{1 Introdu\347\343o}{}% 13
\BOOKMARK [1][]{section.1.1}{1.1 Motiva\347\343o, Import\342ncia e Justificativa}{chapter.1}% 14
\BOOKMARK [1][]{section.1.2}{1.2 Quest\343o de Pesquisa e Delimita\347\343o}{chapter.1}% 15
\BOOKMARK [1][]{section.1.3}{1.3 Objetivos e Hip\363teses }{chapter.1}% 16
\BOOKMARK [1][]{section.1.4}{1.4 Organiza\347\343o do Trabalho}{chapter.1}% 17
\BOOKMARK [0][]{chapter.2}{2 Fundamenta\347\343o Te\363rica}{}% 18
\BOOKMARK [1][]{section.2.1}{2.1 Base Legal}{chapter.2}% 19
\BOOKMARK [1][]{section.2.2}{2.2 Revis\343o de Trabalhos Relacionados com o Tema}{chapter.2}% 20
\BOOKMARK [1][]{section.2.3}{2.3 Referenciais Te\363ricos}{chapter.2}% 21
\BOOKMARK [2][]{subsection.2.3.1}{2.3.1 David Ausubel - Aprendizagem Significativa}{section.2.3}% 22
\BOOKMARK [2][]{subsection.2.3.2}{2.3.2 Marc Prensky - Aprendizagem Baseada em Jogos Digitais}{section.2.3}% 23
\BOOKMARK [0][]{chapter.3}{3 Metodologia}{}% 24
\BOOKMARK [1][]{section.3.1}{3.1 O Jogo Digital}{chapter.3}% 25
\BOOKMARK [2][]{subsection.3.1.1}{3.1.1 Os Primeiros Passos}{section.3.1}% 26
\BOOKMARK [2][]{subsection.3.1.2}{3.1.2 O Scratch}{section.3.1}% 27
\BOOKMARK [2][]{subsection.3.1.3}{3.1.3 Caracter\355sticas do Projeto}{section.3.1}% 28
\BOOKMARK [1][]{section.3.2}{3.2 A sequ\352ncia did\341tica}{chapter.3}% 29
\BOOKMARK [1][]{section.3.3}{3.3 Relato de Experi\352ncia}{chapter.3}% 30
\BOOKMARK [2][]{subsection.3.3.1}{3.3.1 Situa\347\343o Problema e Pesquisa Inicial}{section.3.3}% 31
\BOOKMARK [2][]{subsection.3.3.2}{3.3.2 Pr\351-teste}{section.3.3}% 32
\BOOKMARK [2][]{subsection.3.3.3}{3.3.3 1\252 Aplica\347\343o do jogo}{section.3.3}% 33
\BOOKMARK [2][]{subsection.3.3.4}{3.3.4 V\355deo: ``O Discreto charme das part\355culas elementares''}{section.3.3}% 34
\BOOKMARK [2][]{subsection.3.3.5}{3.3.5 Aulas expositivas}{section.3.3}% 35
\BOOKMARK [2][]{subsection.3.3.6}{3.3.6 Segunda aplica\347\343o do jogo}{section.3.3}% 36
\BOOKMARK [2][]{subsection.3.3.7}{3.3.7 P\363s-teste}{section.3.3}% 37
\BOOKMARK [2][]{subsection.3.3.8}{3.3.8 Pesquisa final e Fechamento}{section.3.3}% 38
\BOOKMARK [0][]{chapter.4}{4 Resultados e Discuss\365es}{}% 39
\BOOKMARK [1][]{subsection.4.0.1}{4.0.1 An\341lise da Pesquisa Inicial}{chapter.4}% 40
\BOOKMARK [2][]{subsection.4.0.2}{4.0.2 An\341lise dos Testes}{subsection.4.0.1}% 41
\BOOKMARK [2][]{subsection.4.0.3}{4.0.3 An\341lise das Aplica\347\343o do Jogo}{subsection.4.0.1}% 42
\BOOKMARK [2][]{subsection.4.0.4}{4.0.4 Discuss\365es sobre o V\355deo: ``O Discreto Charme das Part\355culas Elementares''}{subsection.4.0.1}% 43
\BOOKMARK [2][]{subsection.4.0.5}{4.0.5 An\341lise das Aulas Expositivas 1 e 2}{subsection.4.0.1}% 44
\BOOKMARK [2][]{subsection.4.0.6}{4.0.6 An\341lise da Pesquisa Final}{subsection.4.0.1}% 45
\BOOKMARK [0][]{chapter.5}{5 Considera\347\365es Finais}{}% 46
\BOOKMARK [0][]{chapter.6}{Refer\352ncias}{}% 47
\BOOKMARK [0][]{appendix.A}{A O Jogo Digital}{}% 48
\BOOKMARK [1][]{section.A.1}{A.1 Enredo}{appendix.A}% 49
\BOOKMARK [1][]{section.A.2}{A.2 Tutorial}{appendix.A}% 50
\BOOKMARK [0][]{appendix.B}{B Question\341rios}{}% 51
\BOOKMARK [1][]{section.B.1}{B.1 Pesquisa Inicial}{appendix.B}% 52
\BOOKMARK [1][]{section.B.2}{B.2 Testes}{appendix.B}% 53
\BOOKMARK [1][]{section.B.3}{B.3 Pesquisa Final}{appendix.B}% 54
\BOOKMARK [0][]{appendix.C}{C Atividades}{}% 55
\BOOKMARK [1][]{section.C.1}{C.1 Resenha Cr\355tica}{appendix.C}% 56
\BOOKMARK [0][]{appendix.D}{D Aula Expositiva}{}% 57
\BOOKMARK [1][]{section.D.1}{D.1 Slides}{appendix.D}% 58
\BOOKMARK [0][]{annex.a}{A Manuais do Scratch}{}% 59
\BOOKMARK [1][]{section.a.1}{A.1 V\355deo}{annex.a}% 60
\BOOKMARK [1][]{section.a.2}{A.2 Livros}{annex.a}% 61
\BOOKMARK [1][]{section.a.3}{A.3 Tutorias e Artigos}{annex.a}% 62
\BOOKMARK [0][]{annex.b}{B Materiais de Apoio}{}% 63
\BOOKMARK [1][]{section.b.1}{B.1 Texto Base}{annex.b}% 64
\BOOKMARK [1][]{section.b.2}{B.2 V\355deo}{annex.b}% 65
\BOOKMARK [0][]{annex.c}{C Autoriza\347\365es}{}% 66
\BOOKMARK [0][]{annex.d}{D Registro de Imagens}{}% 67
\BOOKMARK [1][]{section.d.1}{D.1 Premia\347\343o}{annex.d}% 68
